#
# There is insufficient memory for the Java Runtime Environment to continue.
# Native memory allocation (mmap) failed to map 119537664 bytes for G1 virtual space
# Possible reasons:
#   The system is out of physical RAM or swap space
#   The process is running with CompressedOops enabled, and the Java Heap may be blocking the growth of the native heap
# Possible solutions:
#   Reduce memory load on the system
#   Increase physical memory or swap space
#   Check if swap backing store is full
#   Decrease Java heap size (-Xmx/-Xms)
#   Decrease number of Java threads
#   Decrease Java thread stack sizes (-Xss)
#   Set larger code cache with -XX:ReservedCodeCacheSize=
#   JVM is running with Unscaled Compressed Oops mode in which the Java heap is
#     placed in the first 4GB address space. The Java Heap base address is the
#     maximum limit for the native heap growth. Please use -XX:HeapBaseMinAddress
#     to set the Java Heap base and to place the Java Heap above 4GB virtual address.
# This output file may be truncated or incomplete.
#
#  Out of Memory Error (os_windows.cpp:3769), pid=1192, tid=10448
#
# JRE version: OpenJDK Runtime Environment (17.0.6) (build 17.0.6+0-b2043.56-10027231)
# Java VM: OpenJDK 64-Bit Server VM (17.0.6+0-b2043.56-10027231, mixed mode, tiered, compressed oops, compressed class ptrs, g1 gc, windows-amd64)
# No core dump will be written. Minidumps are not enabled by default on client versions of Windows
#

---------------  S U M M A R Y ------------

Command Line: --add-opens=java.base/java.util=ALL-UNNAMED --add-opens=java.base/java.lang=ALL-UNNAMED --add-opens=java.base/java.lang.invoke=ALL-UNNAMED --add-opens=java.prefs/java.util.prefs=ALL-UNNAMED --add-opens=java.base/java.nio.charset=ALL-UNNAMED --add-opens=java.base/java.net=ALL-UNNAMED --add-opens=java.base/java.util.concurrent.atomic=ALL-UNNAMED -Xmx2048m -Dfile.encoding=UTF-8 -Duser.country=ZA -Duser.language=en -Duser.variant org.gradle.launcher.daemon.bootstrap.GradleDaemon 8.0

Host: Intel(R) Celeron(R) N4020 CPU @ 1.10GHz, 2 cores, 5G,  Windows 10 , 64 bit Build 19041 (10.0.19041.3155)
Time: Wed Oct  4 00:19:00 2023 South Africa Standard Time elapsed time: 190.431428 seconds (0d 0h 3m 10s)

---------------  T H R E A D  ---------------

Current thread (0x000001c8bf9b8c40):  VMThread "VM Thread" [stack: 0x0000007f43f00000,0x0000007f44000000] [id=10448]

Stack: [0x0000007f43f00000,0x0000007f44000000]
Native frames: (J=compiled Java code, j=interpreted, Vv=VM code, C=native code)
V  [jvm.dll+0x683c9a]
V  [jvm.dll+0x8427a4]
V  [jvm.dll+0x843f9e]
V  [jvm.dll+0x844603]
V  [jvm.dll+0x249b75]
V  [jvm.dll+0x680b69]
V  [jvm.dll+0x67505a]
V  [jvm.dll+0x309acb]
V  [jvm.dll+0x310f86]
V  [jvm.dll+0x3608ee]
V  [jvm.dll+0x360b1f]
V  [jvm.dll+0x2dfbf8]
V  [jvm.dll+0x2ddec4]
V  [jvm.dll+0x2dd4cc]
V  [jvm.dll+0x321f3b]
V  [jvm.dll+0x848ccb]
V  [jvm.dll+0x849a04]
V  [jvm.dll+0x849f1d]
V  [jvm.dll+0x84a2f4]
V  [jvm.dll+0x84a3c0]
V  [jvm.dll+0x7f274a]
V  [jvm.dll+0x682ad5]
C  [ucrtbase.dll+0x21bb2]
C  [KERNEL32.DLL+0x17614]
C  [ntdll.dll+0x526b1]

VM_Operation (0x0000007f472f9830): G1CollectForAllocation, mode: safepoint, requested by thread 0x000001c8c2ec47f0


---------------  P R O C E S S  ---------------

Threads class SMR info:
_java_thread_list=0x000001c8c7b702d0, length=69, elements={
0x000001c8a4929890, 0x000001c8bf9a05d0, 0x000001c8bf9a15d0, 0x000001c8bf9f83c0,
0x000001c8c0400080, 0x000001c8c0401d50, 0x000001c8c0402610, 0x000001c8c0403200,
0x000001c8c0408860, 0x000001c8c04228b0, 0x000001c8c058f760, 0x000001c8c0595c50,
0x000001c8c127d0e0, 0x000001c8c2c08a00, 0x000001c8c1ebee30, 0x000001c8c31fa590,
0x000001c8c1934d90, 0x000001c8c1ecd840, 0x000001c8c2ef1020, 0x000001c8c0913c00,
0x000001c8c09145a0, 0x000001c8c0914a70, 0x000001c8c0915410, 0x000001c8c0913260,
0x000001c8c0916750, 0x000001c8c0915db0, 0x000001c8c0916c20, 0x000001c8c0916280,
0x000001c8c0913730, 0x000001c8c09140d0, 0x000001c8c2ec3e50, 0x000001c8c2ec9e90,
0x000001c8c2ec7810, 0x000001c8c2ec2fe0, 0x000001c8c2ec69a0, 0x000001c8c2ec3980,
0x000001c8c2ec81b0, 0x000001c8c2ec64d0, 0x000001c8c2ec8680, 0x000001c8c2ec8b50,
0x000001c8c2ec6000, 0x000001c8c2ec2b10, 0x000001c8c2ec34b0, 0x000001c8c2ec9020,
0x000001c8c2ec5190, 0x000001c8c2ec4320, 0x000001c8c2ec7340, 0x000001c8c2ec47f0,
0x000001c8c2ec99c0, 0x000001c8c2ec4cc0, 0x000001c8c0e77590, 0x000001c8c0e73230,
0x000001c8c0e77a60, 0x000001c8c0e73bd0, 0x000001c8c0e770c0, 0x000001c8c0e77f30,
0x000001c8c0e74a40, 0x000001c8c0e76bf0, 0x000001c8c0e71080, 0x000001c8c0e723c0,
0x000001c8c0e71550, 0x000001c8c0e73700, 0x000001c8c4a448d0, 0x000001c8c4a42720,
0x000001c8c4a44da0, 0x000001c8c4a45270, 0x000001c8c4a43f30, 0x000001c8c4a40570,
0x000001c8c0e758b0
}

Java Threads: ( => current thread )
  0x000001c8a4929890 JavaThread "main" [_thread_blocked, id=7408, stack(0x0000007f43900000,0x0000007f43a00000)]
  0x000001c8bf9a05d0 JavaThread "Reference Handler" daemon [_thread_blocked, id=9560, stack(0x0000007f44000000,0x0000007f44100000)]
  0x000001c8bf9a15d0 JavaThread "Finalizer" daemon [_thread_blocked, id=12280, stack(0x0000007f44100000,0x0000007f44200000)]
  0x000001c8bf9f83c0 JavaThread "Signal Dispatcher" daemon [_thread_blocked, id=256, stack(0x0000007f44200000,0x0000007f44300000)]
  0x000001c8c0400080 JavaThread "Attach Listener" daemon [_thread_blocked, id=3220, stack(0x0000007f44300000,0x0000007f44400000)]
  0x000001c8c0401d50 JavaThread "Service Thread" daemon [_thread_blocked, id=11128, stack(0x0000007f44400000,0x0000007f44500000)]
  0x000001c8c0402610 JavaThread "Monitor Deflation Thread" daemon [_thread_blocked, id=10632, stack(0x0000007f44500000,0x0000007f44600000)]
  0x000001c8c0403200 JavaThread "C2 CompilerThread0" daemon [_thread_blocked, id=5392, stack(0x0000007f44600000,0x0000007f44700000)]
  0x000001c8c0408860 JavaThread "C1 CompilerThread0" daemon [_thread_blocked, id=10024, stack(0x0000007f44700000,0x0000007f44800000)]
  0x000001c8c04228b0 JavaThread "Sweeper thread" daemon [_thread_blocked, id=11400, stack(0x0000007f44800000,0x0000007f44900000)]
  0x000001c8c058f760 JavaThread "Common-Cleaner" daemon [_thread_blocked, id=11692, stack(0x0000007f44900000,0x0000007f44a00000)]
  0x000001c8c0595c50 JavaThread "Notification Thread" daemon [_thread_blocked, id=12180, stack(0x0000007f44a00000,0x0000007f44b00000)]
  0x000001c8c127d0e0 JavaThread "Daemon health stats" [_thread_blocked, id=8788, stack(0x0000007f44d00000,0x0000007f44e00000)]
  0x000001c8c2c08a00 JavaThread "Incoming local TCP Connector on port 7090" [_thread_in_native, id=1460, stack(0x0000007f44e00000,0x0000007f44f00000)]
  0x000001c8c1ebee30 JavaThread "Daemon periodic checks" [_thread_blocked, id=9892, stack(0x0000007f44f00000,0x0000007f45000000)]
  0x000001c8c31fa590 JavaThread "Daemon" [_thread_blocked, id=11236, stack(0x0000007f45000000,0x0000007f45100000)]
  0x000001c8c1934d90 JavaThread "Handler for socket connection from /127.0.0.1:7090 to /127.0.0.1:7091" [_thread_in_native, id=9584, stack(0x0000007f45100000,0x0000007f45200000)]
  0x000001c8c1ecd840 JavaThread "Cancel handler" [_thread_blocked, id=11876, stack(0x0000007f45200000,0x0000007f45300000)]
  0x000001c8c2ef1020 JavaThread "Daemon worker" [_thread_blocked, id=4568, stack(0x0000007f45300000,0x0000007f45400000)]
  0x000001c8c0913c00 JavaThread "Asynchronous log dispatcher for DefaultDaemonConnection: socket connection from /127.0.0.1:7090 to /127.0.0.1:7091" [_thread_blocked, id=8664, stack(0x0000007f45400000,0x0000007f45500000)]
  0x000001c8c09145a0 JavaThread "Daemon client event forwarder" [_thread_blocked, id=8412, stack(0x0000007f45600000,0x0000007f45700000)]
  0x000001c8c0914a70 JavaThread "Cache worker for journal cache (D:\Download\Code\SaveToExternalStorage\caches\journal-1)" [_thread_blocked, id=6192, stack(0x0000007f45700000,0x0000007f45800000)]
  0x000001c8c0915410 JavaThread "File lock request listener" [_thread_in_native, id=8432, stack(0x0000007f45800000,0x0000007f45900000)]
  0x000001c8c0913260 JavaThread "Cache worker for file hash cache (D:\Download\Code\SaveToExternalStorage\caches\8.0\fileHashes)" [_thread_blocked, id=10352, stack(0x0000007f45900000,0x0000007f45a00000)]
  0x000001c8c0916750 JavaThread "File watcher server" daemon [_thread_blocked, id=10816, stack(0x0000007f45a00000,0x0000007f45b00000)]
  0x000001c8c0915db0 JavaThread "File watcher consumer" daemon [_thread_blocked, id=8832, stack(0x0000007f45b00000,0x0000007f45c00000)]
  0x000001c8c0916c20 JavaThread "Cache worker for checksums cache (D:\Download\Code\CoffesCup 2020371775\.gradle\8.0\checksums)" [_thread_blocked, id=11828, stack(0x0000007f45c00000,0x0000007f45d00000)]
  0x000001c8c0916280 JavaThread "Cache worker for cache directory md-rule (D:\Download\Code\SaveToExternalStorage\caches\8.0\md-rule)" [_thread_blocked, id=4424, stack(0x0000007f45d00000,0x0000007f45e00000)]
  0x000001c8c0913730 JavaThread "Cache worker for file content cache (D:\Download\Code\SaveToExternalStorage\caches\8.0\fileContent)" [_thread_blocked, id=3620, stack(0x0000007f45e00000,0x0000007f45f00000)]
  0x000001c8c09140d0 JavaThread "Cache worker for file hash cache (D:\Download\Code\CoffesCup 2020371775\.gradle\8.0\fileHashes)" [_thread_blocked, id=11760, stack(0x0000007f45f00000,0x0000007f46000000)]
  0x000001c8c2ec3e50 JavaThread "Cache worker for cache directory md-supplier (D:\Download\Code\SaveToExternalStorage\caches\8.0\md-supplier)" [_thread_blocked, id=5132, stack(0x0000007f46000000,0x0000007f46100000)]
  0x000001c8c2ec9e90 JavaThread "Cache worker for execution history cache (D:\Download\Code\SaveToExternalStorage\caches\8.0\executionHistory)" [_thread_blocked, id=6024, stack(0x0000007f46100000,0x0000007f46200000)]
  0x000001c8c2ec7810 JavaThread "jar transforms" [_thread_blocked, id=11200, stack(0x0000007f46200000,0x0000007f46300000)]
  0x000001c8c2ec2fe0 JavaThread "jar transforms Thread 2" [_thread_blocked, id=11976, stack(0x0000007f46300000,0x0000007f46400000)]
  0x000001c8c2ec69a0 JavaThread "Cache worker for dependencies-accessors (D:\Download\Code\CoffesCup 2020371775\.gradle\8.0\dependencies-accessors)" [_thread_blocked, id=9508, stack(0x0000007f46500000,0x0000007f46600000)]
  0x000001c8c2ec3980 JavaThread "Cache worker for Build Output Cleanup Cache (D:\Download\Code\CoffesCup 2020371775\.gradle\buildOutputCleanup)" [_thread_blocked, id=7576, stack(0x0000007f46600000,0x0000007f46700000)]
  0x000001c8c2ec81b0 JavaThread "Unconstrained build operations" [_thread_blocked, id=2764, stack(0x0000007f46700000,0x0000007f46800000)]
  0x000001c8c2ec64d0 JavaThread "Unconstrained build operations Thread 2" [_thread_blocked, id=1344, stack(0x0000007f46800000,0x0000007f46900000)]
  0x000001c8c2ec8680 JavaThread "Unconstrained build operations Thread 3" [_thread_blocked, id=9932, stack(0x0000007f46900000,0x0000007f46a00000)]
  0x000001c8c2ec8b50 JavaThread "Unconstrained build operations Thread 4" [_thread_blocked, id=10192, stack(0x0000007f46a00000,0x0000007f46b00000)]
  0x000001c8c2ec6000 JavaThread "Unconstrained build operations Thread 5" [_thread_blocked, id=11356, stack(0x0000007f46b00000,0x0000007f46c00000)]
  0x000001c8c2ec2b10 JavaThread "Unconstrained build operations Thread 6" [_thread_blocked, id=10340, stack(0x0000007f46c00000,0x0000007f46d00000)]
  0x000001c8c2ec34b0 JavaThread "Unconstrained build operations Thread 7" [_thread_blocked, id=4988, stack(0x0000007f46d00000,0x0000007f46e00000)]
  0x000001c8c2ec9020 JavaThread "Unconstrained build operations Thread 8" [_thread_blocked, id=5156, stack(0x0000007f46e00000,0x0000007f46f00000)]
  0x000001c8c2ec5190 JavaThread "Unconstrained build operations Thread 9" [_thread_blocked, id=10748, stack(0x0000007f46f00000,0x0000007f47000000)]
  0x000001c8c2ec4320 JavaThread "Unconstrained build operations Thread 10" [_thread_blocked, id=10804, stack(0x0000007f47000000,0x0000007f47100000)]
  0x000001c8c2ec7340 JavaThread "Unconstrained build operations Thread 11" [_thread_blocked, id=6644, stack(0x0000007f47100000,0x0000007f47200000)]
  0x000001c8c2ec47f0 JavaThread "Unconstrained build operations Thread 12" [_thread_blocked, id=11536, stack(0x0000007f47200000,0x0000007f47300000)]
  0x000001c8c2ec99c0 JavaThread "Unconstrained build operations Thread 13" [_thread_blocked, id=11192, stack(0x0000007f47300000,0x0000007f47400000)]
  0x000001c8c2ec4cc0 JavaThread "Unconstrained build operations Thread 14" [_thread_blocked, id=11284, stack(0x0000007f47400000,0x0000007f47500000)]
  0x000001c8c0e77590 JavaThread "Unconstrained build operations Thread 15" [_thread_blocked, id=9772, stack(0x0000007f47500000,0x0000007f47600000)]
  0x000001c8c0e73230 JavaThread "Unconstrained build operations Thread 16" [_thread_blocked, id=5984, stack(0x0000007f47600000,0x0000007f47700000)]
  0x000001c8c0e77a60 JavaThread "Unconstrained build operations Thread 17" [_thread_blocked, id=12164, stack(0x0000007f47700000,0x0000007f47800000)]
  0x000001c8c0e73bd0 JavaThread "Unconstrained build operations Thread 18" [_thread_blocked, id=5736, stack(0x0000007f47800000,0x0000007f47900000)]
  0x000001c8c0e770c0 JavaThread "Unconstrained build operations Thread 19" [_thread_blocked, id=10440, stack(0x0000007f47900000,0x0000007f47a00000)]
  0x000001c8c0e77f30 JavaThread "Unconstrained build operations Thread 20" [_thread_blocked, id=7404, stack(0x0000007f47a00000,0x0000007f47b00000)]
  0x000001c8c0e74a40 JavaThread "build event listener" [_thread_blocked, id=11988, stack(0x0000007f47d00000,0x0000007f47e00000)]
  0x000001c8c0e76bf0 JavaThread "Memory manager" [_thread_blocked, id=4748, stack(0x0000007f43600000,0x0000007f43700000)]
  0x000001c8c0e71080 JavaThread "included builds" [_thread_blocked, id=8708, stack(0x0000007f43700000,0x0000007f43800000)]
  0x000001c8c0e723c0 JavaThread "Execution worker" [_thread_blocked, id=6728, stack(0x0000007f43800000,0x0000007f43900000)]
  0x000001c8c0e71550 JavaThread "Cache worker for execution history cache (D:\Download\Code\CoffesCup 2020371775\.gradle\8.0\executionHistory)" [_thread_blocked, id=11756, stack(0x0000007f47e00000,0x0000007f47f00000)]
  0x000001c8c0e73700 JavaThread "WorkerExecutor Queue Thread 2" [_thread_blocked, id=3140, stack(0x0000007f47f00000,0x0000007f48000000)]
  0x000001c8c4a448d0 JavaThread "WorkerExecutor Queue Thread 3" [_thread_blocked, id=2412, stack(0x0000007f48100000,0x0000007f48200000)]
  0x000001c8c4a42720 JavaThread "pool-3-thread-1" [_thread_blocked, id=7716, stack(0x0000007f48200000,0x0000007f48300000)]
  0x000001c8c4a44da0 JavaThread "stderr" [_thread_in_native, id=8820, stack(0x0000007f48300000,0x0000007f48400000)]
  0x000001c8c4a45270 JavaThread "stdout" [_thread_in_native, id=8028, stack(0x0000007f48400000,0x0000007f48500000)]
  0x000001c8c4a43f30 JavaThread "Cache worker for Java compile cache (D:\Download\Code\SaveToExternalStorage\caches\8.0\javaCompile)" [_thread_blocked, id=2652, stack(0x0000007f47b00000,0x0000007f47c00000)]
  0x000001c8c4a40570 JavaThread "Build operations" [_thread_blocked, id=11040, stack(0x0000007f48500000,0x0000007f48600000)]
  0x000001c8c0e758b0 JavaThread "Build operations Thread 2" [_thread_blocked, id=8524, stack(0x0000007f48600000,0x0000007f48700000)]

Other Threads:
=>0x000001c8bf9b8c40 VMThread "VM Thread" [stack: 0x0000007f43f00000,0x0000007f44000000] [id=10448]
  0x000001c8c058d430 WatcherThread [stack: 0x0000007f44b00000,0x0000007f44c00000] [id=396]
  0x000001c8a4984770 GCTaskThread "GC Thread#0" [stack: 0x0000007f43a00000,0x0000007f43b00000] [id=4900]
  0x000001c8c0657390 GCTaskThread "GC Thread#1" [stack: 0x0000007f44c00000,0x0000007f44d00000] [id=5660]
  0x000001c8a4996d70 ConcurrentGCThread "G1 Main Marker" [stack: 0x0000007f43b00000,0x0000007f43c00000] [id=7188]
  0x000001c8a4997690 ConcurrentGCThread "G1 Conc#0" [stack: 0x0000007f43c00000,0x0000007f43d00000] [id=1216]
  0x000001c8a49ee910 ConcurrentGCThread "G1 Refine#0" [stack: 0x0000007f43d00000,0x0000007f43e00000] [id=9524]
  0x000001c8c2e99770 ConcurrentGCThread "G1 Refine#1" [stack: 0x0000007f46400000,0x0000007f46500000] [id=8912]
  0x000001c8a49f0250 ConcurrentGCThread "G1 Service" [stack: 0x0000007f43e00000,0x0000007f43f00000] [id=11484]

Threads with active compile tasks:
C2 CompilerThread0   191159 23878 %     4       com.android.tools.r8.ir.regalloc.b::c @ 59 (4041 bytes)

VM state: at safepoint (normal execution)

VM Mutex/Monitor currently owned by a thread:  ([mutex/lock_event])
[0x000001c8a48fac20] Threads_lock - owner thread: 0x000001c8bf9b8c40
[0x000001c8a48fb7f0] Heap_lock - owner thread: 0x000001c8c2ec47f0

Heap address: 0x0000000080000000, size: 2048 MB, Compressed Oops mode: 32-bit

CDS archive(s) not mapped
Compressed class space mapped at: 0x0000000100000000-0x0000000140000000, reserved size: 1073741824
Narrow klass base: 0x0000000000000000, Narrow klass shift: 3, Narrow klass range: 0x140000000

GC Precious Log:
 CPUs: 2 total, 2 available
 Memory: 5955M
 Large Page Support: Disabled
 NUMA Support: Disabled
 Compressed Oops: Enabled (32-bit)
 Heap Region Size: 1M
 Heap Min Capacity: 8M
 Heap Initial Capacity: 94M
 Heap Max Capacity: 2G
 Pre-touch: Disabled
 Parallel Workers: 2
 Concurrent Workers: 1
 Concurrent Refinement Workers: 2
 Periodic GC: Disabled

Heap:
 garbage-first heap   total 307200K, used 140051K [0x0000000080000000, 0x0000000100000000)
  region size 1024K, 2 young (2048K), 2 survivors (2048K)
 Metaspace       used 138352K, committed 139136K, reserved 1171456K
  class space    used 17891K, committed 18240K, reserved 1048576K

Heap Regions: E=young(eden), S=young(survivor), O=old, HS=humongous(starts), HC=humongous(continues), CS=collection set, F=free, OA=open archive, CA=closed archive, TAMS=top-at-mark-start (previous, next)
|   0|0x0000000080000000, 0x0000000080100000, 0x0000000080100000|100%| O|  |TAMS 0x0000000080100000, 0x0000000080000000| Untracked 
|   1|0x0000000080100000, 0x0000000080200000, 0x0000000080200000|100%| O|  |TAMS 0x0000000080200000, 0x0000000080100000| Untracked 
|   2|0x0000000080200000, 0x0000000080300000, 0x0000000080300000|100%| O|  |TAMS 0x0000000080300000, 0x0000000080200000| Untracked 
|   3|0x0000000080300000, 0x0000000080400000, 0x0000000080400000|100%|HS|  |TAMS 0x0000000080400000, 0x0000000080300000| Complete 
|   4|0x0000000080400000, 0x0000000080500000, 0x0000000080500000|100%|HC|  |TAMS 0x0000000080500000, 0x0000000080400000| Complete 
|   5|0x0000000080500000, 0x0000000080600000, 0x0000000080600000|100%|HC|  |TAMS 0x0000000080600000, 0x0000000080500000| Complete 
|   6|0x0000000080600000, 0x0000000080700000, 0x0000000080700000|100%|HC|  |TAMS 0x0000000080700000, 0x0000000080600000| Complete 
|   7|0x0000000080700000, 0x0000000080800000, 0x0000000080800000|100%| O|  |TAMS 0x0000000080800000, 0x0000000080700000| Untracked 
|   8|0x0000000080800000, 0x0000000080900000, 0x0000000080900000|100%| O|  |TAMS 0x0000000080900000, 0x0000000080800000| Untracked 
|   9|0x0000000080900000, 0x0000000080a00000, 0x0000000080a00000|100%| O|  |TAMS 0x0000000080a00000, 0x0000000080900000| Untracked 
|  10|0x0000000080a00000, 0x0000000080b00000, 0x0000000080b00000|100%| O|  |TAMS 0x0000000080b00000, 0x0000000080a00000| Untracked 
|  11|0x0000000080b00000, 0x0000000080c00000, 0x0000000080c00000|100%| O|  |TAMS 0x0000000080c00000, 0x0000000080b00000| Untracked 
|  12|0x0000000080c00000, 0x0000000080d00000, 0x0000000080d00000|100%| O|  |TAMS 0x0000000080d00000, 0x0000000080c00000| Untracked 
|  13|0x0000000080d00000, 0x0000000080e00000, 0x0000000080e00000|100%| O|  |TAMS 0x0000000080e00000, 0x0000000080d00000| Untracked 
|  14|0x0000000080e00000, 0x0000000080f00000, 0x0000000080f00000|100%| O|  |TAMS 0x0000000080f00000, 0x0000000080e00000| Untracked 
|  15|0x0000000080f00000, 0x0000000081000000, 0x0000000081000000|100%| O|  |TAMS 0x0000000081000000, 0x0000000080f00000| Untracked 
|  16|0x0000000081000000, 0x0000000081100000, 0x0000000081100000|100%| O|  |TAMS 0x0000000081100000, 0x0000000081000000| Untracked 
|  17|0x0000000081100000, 0x0000000081200000, 0x0000000081200000|100%| O|  |TAMS 0x0000000081200000, 0x0000000081100000| Untracked 
|  18|0x0000000081200000, 0x0000000081300000, 0x0000000081300000|100%| O|  |TAMS 0x0000000081300000, 0x0000000081200000| Untracked 
|  19|0x0000000081300000, 0x0000000081400000, 0x0000000081400000|100%| O|  |TAMS 0x0000000081400000, 0x0000000081300000| Untracked 
|  20|0x0000000081400000, 0x0000000081500000, 0x0000000081500000|100%| O|  |TAMS 0x0000000081500000, 0x0000000081400000| Untracked 
|  21|0x0000000081500000, 0x0000000081600000, 0x0000000081600000|100%| O|  |TAMS 0x0000000081600000, 0x0000000081500000| Untracked 
|  22|0x0000000081600000, 0x0000000081700000, 0x0000000081700000|100%| O|  |TAMS 0x0000000081700000, 0x0000000081600000| Untracked 
|  23|0x0000000081700000, 0x0000000081800000, 0x0000000081800000|100%| O|  |TAMS 0x0000000081800000, 0x0000000081700000| Untracked 
|  24|0x0000000081800000, 0x0000000081900000, 0x0000000081900000|100%| O|  |TAMS 0x0000000081900000, 0x0000000081800000| Untracked 
|  25|0x0000000081900000, 0x0000000081a00000, 0x0000000081a00000|100%| O|  |TAMS 0x0000000081a00000, 0x0000000081900000| Untracked 
|  26|0x0000000081a00000, 0x0000000081b00000, 0x0000000081b00000|100%| O|  |TAMS 0x0000000081b00000, 0x0000000081a00000| Untracked 
|  27|0x0000000081b00000, 0x0000000081c00000, 0x0000000081c00000|100%| O|  |TAMS 0x0000000081c00000, 0x0000000081b00000| Untracked 
|  28|0x0000000081c00000, 0x0000000081d00000, 0x0000000081d00000|100%| O|  |TAMS 0x0000000081d00000, 0x0000000081c00000| Untracked 
|  29|0x0000000081d00000, 0x0000000081e00000, 0x0000000081e00000|100%| O|  |TAMS 0x0000000081e00000, 0x0000000081d00000| Untracked 
|  30|0x0000000081e00000, 0x0000000081f00000, 0x0000000081f00000|100%| O|  |TAMS 0x0000000081f00000, 0x0000000081e00000| Untracked 
|  31|0x0000000081f00000, 0x0000000082000000, 0x0000000082000000|100%| O|  |TAMS 0x0000000082000000, 0x0000000081f00000| Untracked 
|  32|0x0000000082000000, 0x0000000082100000, 0x0000000082100000|100%|HS|  |TAMS 0x0000000082100000, 0x0000000082000000| Complete 
|  33|0x0000000082100000, 0x0000000082200000, 0x0000000082200000|100%|HS|  |TAMS 0x0000000082200000, 0x0000000082100000| Complete 
|  34|0x0000000082200000, 0x0000000082300000, 0x0000000082300000|100%| O|  |TAMS 0x0000000082300000, 0x0000000082200000| Untracked 
|  35|0x0000000082300000, 0x0000000082400000, 0x0000000082400000|100%| O|  |TAMS 0x0000000082400000, 0x0000000082300000| Untracked 
|  36|0x0000000082400000, 0x0000000082500000, 0x0000000082500000|100%|HS|  |TAMS 0x0000000082500000, 0x0000000082400000| Complete 
|  37|0x0000000082500000, 0x0000000082600000, 0x0000000082600000|100%| O|  |TAMS 0x0000000082600000, 0x0000000082500000| Untracked 
|  38|0x0000000082600000, 0x0000000082700000, 0x0000000082700000|100%| O|  |TAMS 0x0000000082700000, 0x0000000082600000| Untracked 
|  39|0x0000000082700000, 0x0000000082800000, 0x0000000082800000|100%| O|  |TAMS 0x0000000082800000, 0x0000000082700000| Untracked 
|  40|0x0000000082800000, 0x0000000082900000, 0x0000000082900000|100%| O|  |TAMS 0x0000000082900000, 0x0000000082800000| Untracked 
|  41|0x0000000082900000, 0x0000000082a00000, 0x0000000082a00000|100%| O|  |TAMS 0x0000000082900000, 0x0000000082900000| Untracked 
|  42|0x0000000082a00000, 0x0000000082b00000, 0x0000000082b00000|100%| O|  |TAMS 0x0000000082b00000, 0x0000000082a00000| Untracked 
|  43|0x0000000082b00000, 0x0000000082c00000, 0x0000000082c00000|100%| O|  |TAMS 0x0000000082c00000, 0x0000000082b00000| Untracked 
|  44|0x0000000082c00000, 0x0000000082d00000, 0x0000000082d00000|100%| O|  |TAMS 0x0000000082d00000, 0x0000000082c00000| Untracked 
|  45|0x0000000082d00000, 0x0000000082e00000, 0x0000000082e00000|100%| O|  |TAMS 0x0000000082e00000, 0x0000000082d00000| Untracked 
|  46|0x0000000082e00000, 0x0000000082f00000, 0x0000000082f00000|100%| O|  |TAMS 0x0000000082f00000, 0x0000000082e00000| Untracked 
|  47|0x0000000082f00000, 0x0000000083000000, 0x0000000083000000|100%| O|  |TAMS 0x0000000083000000, 0x0000000082f00000| Untracked 
|  48|0x0000000083000000, 0x0000000083100000, 0x0000000083100000|100%| O|  |TAMS 0x0000000083100000, 0x0000000083000000| Untracked 
|  49|0x0000000083100000, 0x0000000083200000, 0x0000000083200000|100%| O|  |TAMS 0x0000000083200000, 0x0000000083100000| Untracked 
|  50|0x0000000083200000, 0x0000000083300000, 0x0000000083300000|100%| O|  |TAMS 0x0000000083300000, 0x0000000083200000| Untracked 
|  51|0x0000000083300000, 0x0000000083400000, 0x0000000083400000|100%| O|  |TAMS 0x0000000083400000, 0x0000000083300000| Untracked 
|  52|0x0000000083400000, 0x0000000083500000, 0x0000000083500000|100%| O|  |TAMS 0x0000000083500000, 0x0000000083400000| Untracked 
|  53|0x0000000083500000, 0x0000000083600000, 0x0000000083600000|100%| O|  |TAMS 0x0000000083600000, 0x0000000083500000| Untracked 
|  54|0x0000000083600000, 0x0000000083700000, 0x0000000083700000|100%| O|  |TAMS 0x0000000083700000, 0x0000000083600000| Untracked 
|  55|0x0000000083700000, 0x0000000083800000, 0x0000000083800000|100%| O|  |TAMS 0x0000000083800000, 0x0000000083700000| Untracked 
|  56|0x0000000083800000, 0x0000000083900000, 0x0000000083900000|100%| O|  |TAMS 0x0000000083900000, 0x0000000083800000| Untracked 
|  57|0x0000000083900000, 0x0000000083a00000, 0x0000000083a00000|100%| O|  |TAMS 0x0000000083a00000, 0x0000000083900000| Untracked 
|  58|0x0000000083a00000, 0x0000000083b00000, 0x0000000083b00000|100%| O|  |TAMS 0x0000000083b00000, 0x0000000083a00000| Untracked 
|  59|0x0000000083b00000, 0x0000000083c00000, 0x0000000083c00000|100%| O|  |TAMS 0x0000000083c00000, 0x0000000083b00000| Untracked 
|  60|0x0000000083c00000, 0x0000000083d00000, 0x0000000083d00000|100%| O|  |TAMS 0x0000000083d00000, 0x0000000083c00000| Untracked 
|  61|0x0000000083d00000, 0x0000000083e00000, 0x0000000083e00000|100%| O|  |TAMS 0x0000000083e00000, 0x0000000083d00000| Untracked 
|  62|0x0000000083e00000, 0x0000000083f00000, 0x0000000083f00000|100%| O|  |TAMS 0x0000000083f00000, 0x0000000083e00000| Untracked 
|  63|0x0000000083f00000, 0x0000000084000000, 0x0000000084000000|100%| O|  |TAMS 0x0000000084000000, 0x0000000083f00000| Untracked 
|  64|0x0000000084000000, 0x0000000084100000, 0x0000000084100000|100%| O|  |TAMS 0x0000000084100000, 0x0000000084000000| Untracked 
|  65|0x0000000084100000, 0x0000000084200000, 0x0000000084200000|100%| O|  |TAMS 0x0000000084200000, 0x0000000084100000| Untracked 
|  66|0x0000000084200000, 0x0000000084300000, 0x0000000084300000|100%| O|  |TAMS 0x0000000084300000, 0x0000000084200000| Untracked 
|  67|0x0000000084300000, 0x0000000084400000, 0x0000000084400000|100%| O|  |TAMS 0x0000000084400000, 0x0000000084300000| Untracked 
|  68|0x0000000084400000, 0x0000000084500000, 0x0000000084500000|100%| O|  |TAMS 0x0000000084500000, 0x0000000084400000| Untracked 
|  69|0x0000000084500000, 0x0000000084600000, 0x0000000084600000|100%| O|  |TAMS 0x0000000084600000, 0x0000000084500000| Untracked 
|  70|0x0000000084600000, 0x0000000084700000, 0x0000000084700000|100%| O|  |TAMS 0x0000000084700000, 0x0000000084600000| Untracked 
|  71|0x0000000084700000, 0x0000000084800000, 0x0000000084800000|100%| O|  |TAMS 0x0000000084800000, 0x0000000084700000| Untracked 
|  72|0x0000000084800000, 0x0000000084900000, 0x0000000084900000|100%| O|  |TAMS 0x0000000084900000, 0x0000000084800000| Untracked 
|  73|0x0000000084900000, 0x0000000084a00000, 0x0000000084a00000|100%| O|  |TAMS 0x0000000084a00000, 0x0000000084900000| Untracked 
|  74|0x0000000084a00000, 0x0000000084b00000, 0x0000000084b00000|100%| O|  |TAMS 0x0000000084b00000, 0x0000000084a00000| Untracked 
|  75|0x0000000084b00000, 0x0000000084c00000, 0x0000000084c00000|100%| O|  |TAMS 0x0000000084c00000, 0x0000000084b00000| Untracked 
|  76|0x0000000084c00000, 0x0000000084d00000, 0x0000000084d00000|100%| O|  |TAMS 0x0000000084d00000, 0x0000000084c00000| Untracked 
|  77|0x0000000084d00000, 0x0000000084e00000, 0x0000000084e00000|100%| O|  |TAMS 0x0000000084e00000, 0x0000000084d00000| Untracked 
|  78|0x0000000084e00000, 0x0000000084f00000, 0x0000000084f00000|100%| O|  |TAMS 0x0000000084e56c00, 0x0000000084e00000| Untracked 
|  79|0x0000000084f00000, 0x0000000085000000, 0x0000000085000000|100%| O|  |TAMS 0x0000000085000000, 0x0000000084f00000| Untracked 
|  80|0x0000000085000000, 0x0000000085000000, 0x0000000085100000|  0%| F|  |TAMS 0x0000000085000000, 0x0000000085000000| Untracked 
|  81|0x0000000085100000, 0x0000000085200000, 0x0000000085200000|100%| O|  |TAMS 0x0000000085200000, 0x0000000085100000| Untracked 
|  82|0x0000000085200000, 0x0000000085207200, 0x0000000085300000|  2%| O|  |TAMS 0x0000000085200000, 0x0000000085200000| Untracked 
|  83|0x0000000085300000, 0x0000000085300000, 0x0000000085400000|  0%| F|  |TAMS 0x0000000085300000, 0x0000000085300000| Untracked 
|  84|0x0000000085400000, 0x0000000085400000, 0x0000000085500000|  0%| F|  |TAMS 0x0000000085400000, 0x0000000085400000| Untracked 
|  85|0x0000000085500000, 0x0000000085500000, 0x0000000085600000|  0%| F|  |TAMS 0x0000000085500000, 0x0000000085500000| Untracked 
|  86|0x0000000085600000, 0x0000000085600000, 0x0000000085700000|  0%| F|  |TAMS 0x0000000085600000, 0x0000000085600000| Untracked 
|  87|0x0000000085700000, 0x0000000085700000, 0x0000000085800000|  0%| F|  |TAMS 0x0000000085700000, 0x0000000085700000| Untracked 
|  88|0x0000000085800000, 0x0000000085800000, 0x0000000085900000|  0%| F|  |TAMS 0x0000000085800000, 0x0000000085800000| Untracked 
|  89|0x0000000085900000, 0x0000000085900000, 0x0000000085a00000|  0%| F|  |TAMS 0x0000000085900000, 0x0000000085900000| Untracked 
|  90|0x0000000085a00000, 0x0000000085a00000, 0x0000000085b00000|  0%| F|  |TAMS 0x0000000085a00000, 0x0000000085a00000| Untracked 
|  91|0x0000000085b00000, 0x0000000085b00000, 0x0000000085c00000|  0%| F|  |TAMS 0x0000000085b00000, 0x0000000085b00000| Untracked 
|  92|0x0000000085c00000, 0x0000000085c00000, 0x0000000085d00000|  0%| F|  |TAMS 0x0000000085c00000, 0x0000000085c00000| Untracked 
|  93|0x0000000085d00000, 0x0000000085d00000, 0x0000000085e00000|  0%| F|  |TAMS 0x0000000085d00000, 0x0000000085d00000| Untracked 
|  94|0x0000000085e00000, 0x0000000085e00000, 0x0000000085f00000|  0%| F|  |TAMS 0x0000000085e00000, 0x0000000085e00000| Untracked 
|  95|0x0000000085f00000, 0x0000000085f00000, 0x0000000086000000|  0%| F|  |TAMS 0x0000000085f00000, 0x0000000085f00000| Untracked 
|  96|0x0000000086000000, 0x0000000086000000, 0x0000000086100000|  0%| F|  |TAMS 0x0000000086000000, 0x0000000086000000| Untracked 
|  97|0x0000000086100000, 0x0000000086200000, 0x0000000086200000|100%| O|  |TAMS 0x0000000086200000, 0x0000000086100000| Untracked 
|  98|0x0000000086200000, 0x0000000086200000, 0x0000000086300000|  0%| F|  |TAMS 0x0000000086200000, 0x0000000086200000| Untracked 
|  99|0x0000000086300000, 0x0000000086300000, 0x0000000086400000|  0%| F|  |TAMS 0x0000000086300000, 0x0000000086300000| Untracked 
| 100|0x0000000086400000, 0x0000000086500000, 0x0000000086500000|100%| O|  |TAMS 0x0000000086500000, 0x0000000086400000| Untracked 
| 101|0x0000000086500000, 0x0000000086600000, 0x0000000086600000|100%| O|  |TAMS 0x0000000086600000, 0x0000000086500000| Untracked 
| 102|0x0000000086600000, 0x0000000086700000, 0x0000000086700000|100%| O|  |TAMS 0x0000000086700000, 0x0000000086600000| Untracked 
| 103|0x0000000086700000, 0x0000000086700000, 0x0000000086800000|  0%| F|  |TAMS 0x0000000086700000, 0x0000000086700000| Untracked 
| 104|0x0000000086800000, 0x0000000086800000, 0x0000000086900000|  0%| F|  |TAMS 0x0000000086800000, 0x0000000086800000| Untracked 
| 105|0x0000000086900000, 0x0000000086900000, 0x0000000086a00000|  0%| F|  |TAMS 0x0000000086900000, 0x0000000086900000| Untracked 
| 106|0x0000000086a00000, 0x0000000086a00000, 0x0000000086b00000|  0%| F|  |TAMS 0x0000000086a00000, 0x0000000086a00000| Untracked 
| 107|0x0000000086b00000, 0x0000000086b00000, 0x0000000086c00000|  0%| F|  |TAMS 0x0000000086b00000, 0x0000000086b00000| Untracked 
| 108|0x0000000086c00000, 0x0000000086d00000, 0x0000000086d00000|100%| O|  |TAMS 0x0000000086d00000, 0x0000000086c00000| Untracked 
| 109|0x0000000086d00000, 0x0000000086e00000, 0x0000000086e00000|100%| O|  |TAMS 0x0000000086e00000, 0x0000000086d00000| Untracked 
| 110|0x0000000086e00000, 0x0000000086f00000, 0x0000000086f00000|100%| O|  |TAMS 0x0000000086f00000, 0x0000000086e00000| Untracked 
| 111|0x0000000086f00000, 0x0000000087000000, 0x0000000087000000|100%| O|  |TAMS 0x0000000087000000, 0x0000000086f00000| Untracked 
| 112|0x0000000087000000, 0x0000000087100000, 0x0000000087100000|100%| O|  |TAMS 0x0000000087100000, 0x0000000087000000| Untracked 
| 113|0x0000000087100000, 0x0000000087200000, 0x0000000087200000|100%| O|  |TAMS 0x0000000087200000, 0x0000000087100000| Untracked 
| 114|0x0000000087200000, 0x0000000087300000, 0x0000000087300000|100%| O|  |TAMS 0x0000000087300000, 0x0000000087200000| Untracked 
| 115|0x0000000087300000, 0x0000000087400000, 0x0000000087400000|100%| O|  |TAMS 0x0000000087400000, 0x0000000087300000| Untracked 
| 116|0x0000000087400000, 0x0000000087500000, 0x0000000087500000|100%| O|  |TAMS 0x0000000087500000, 0x0000000087400000| Untracked 
| 117|0x0000000087500000, 0x0000000087600000, 0x0000000087600000|100%| O|  |TAMS 0x0000000087600000, 0x0000000087500000| Untracked 
| 118|0x0000000087600000, 0x0000000087700000, 0x0000000087700000|100%| O|  |TAMS 0x0000000087700000, 0x0000000087600000| Untracked 
| 119|0x0000000087700000, 0x0000000087800000, 0x0000000087800000|100%| O|  |TAMS 0x0000000087800000, 0x0000000087700000| Untracked 
| 120|0x0000000087800000, 0x0000000087900000, 0x0000000087900000|100%| O|  |TAMS 0x0000000087900000, 0x0000000087800000| Untracked 
| 121|0x0000000087900000, 0x0000000087a00000, 0x0000000087a00000|100%| O|  |TAMS 0x0000000087a00000, 0x0000000087900000| Untracked 
| 122|0x0000000087a00000, 0x0000000087b00000, 0x0000000087b00000|100%| O|  |TAMS 0x0000000087b00000, 0x0000000087a00000| Untracked 
| 123|0x0000000087b00000, 0x0000000087c00000, 0x0000000087c00000|100%| O|  |TAMS 0x0000000087c00000, 0x0000000087b00000| Untracked 
| 124|0x0000000087c00000, 0x0000000087d00000, 0x0000000087d00000|100%| O|  |TAMS 0x0000000087d00000, 0x0000000087c00000| Untracked 
| 125|0x0000000087d00000, 0x0000000087e00000, 0x0000000087e00000|100%| O|  |TAMS 0x0000000087e00000, 0x0000000087d00000| Untracked 
| 126|0x0000000087e00000, 0x0000000087f00000, 0x0000000087f00000|100%| O|  |TAMS 0x0000000087f00000, 0x0000000087e00000| Untracked 
| 127|0x0000000087f00000, 0x0000000088000000, 0x0000000088000000|100%| O|  |TAMS 0x0000000088000000, 0x0000000087f00000| Untracked 
| 128|0x0000000088000000, 0x0000000088100000, 0x0000000088100000|100%| O|  |TAMS 0x0000000088100000, 0x0000000088000000| Untracked 
| 129|0x0000000088100000, 0x0000000088200000, 0x0000000088200000|100%| O|  |TAMS 0x0000000088200000, 0x0000000088100000| Untracked 
| 130|0x0000000088200000, 0x0000000088300000, 0x0000000088300000|100%| O|  |TAMS 0x0000000088300000, 0x0000000088200000| Untracked 
| 131|0x0000000088300000, 0x0000000088400000, 0x0000000088400000|100%| O|  |TAMS 0x0000000088400000, 0x0000000088300000| Untracked 
| 132|0x0000000088400000, 0x0000000088500000, 0x0000000088500000|100%| O|  |TAMS 0x0000000088500000, 0x0000000088400000| Untracked 
| 133|0x0000000088500000, 0x0000000088600000, 0x0000000088600000|100%| O|  |TAMS 0x0000000088600000, 0x0000000088500000| Untracked 
| 134|0x0000000088600000, 0x0000000088700000, 0x0000000088700000|100%| O|  |TAMS 0x0000000088700000, 0x0000000088600000| Untracked 
| 135|0x0000000088700000, 0x0000000088800000, 0x0000000088800000|100%| O|  |TAMS 0x0000000088800000, 0x0000000088700000| Untracked 
| 136|0x0000000088800000, 0x0000000088900000, 0x0000000088900000|100%| O|  |TAMS 0x0000000088900000, 0x0000000088800000| Untracked 
| 137|0x0000000088900000, 0x0000000088a00000, 0x0000000088a00000|100%| O|  |TAMS 0x0000000088a00000, 0x0000000088900000| Untracked 
| 138|0x0000000088a00000, 0x0000000088b00000, 0x0000000088b00000|100%| O|  |TAMS 0x0000000088b00000, 0x0000000088a00000| Untracked 
| 139|0x0000000088b00000, 0x0000000088c00000, 0x0000000088c00000|100%| O|  |TAMS 0x0000000088c00000, 0x0000000088b00000| Untracked 
| 140|0x0000000088c00000, 0x0000000088d00000, 0x0000000088d00000|100%| O|  |TAMS 0x0000000088d00000, 0x0000000088c00000| Untracked 
| 141|0x0000000088d00000, 0x0000000088e00000, 0x0000000088e00000|100%| O|  |TAMS 0x0000000088e00000, 0x0000000088d00000| Untracked 
| 142|0x0000000088e00000, 0x0000000088f00000, 0x0000000088f00000|100%| O|  |TAMS 0x0000000088f00000, 0x0000000088e00000| Untracked 
| 143|0x0000000088f00000, 0x0000000089000000, 0x0000000089000000|100%| O|  |TAMS 0x0000000089000000, 0x0000000088f00000| Untracked 
| 144|0x0000000089000000, 0x0000000089100000, 0x0000000089100000|100%| O|  |TAMS 0x0000000089100000, 0x0000000089000000| Untracked 
| 145|0x0000000089100000, 0x0000000089200000, 0x0000000089200000|100%| O|  |TAMS 0x0000000089200000, 0x0000000089100000| Untracked 
| 146|0x0000000089200000, 0x0000000089300000, 0x0000000089300000|100%| O|  |TAMS 0x0000000089300000, 0x0000000089200000| Untracked 
| 147|0x0000000089300000, 0x0000000089400000, 0x0000000089400000|100%| O|  |TAMS 0x0000000089400000, 0x0000000089300000| Untracked 
| 148|0x0000000089400000, 0x0000000089500000, 0x0000000089500000|100%| O|  |TAMS 0x0000000089500000, 0x0000000089400000| Untracked 
| 149|0x0000000089500000, 0x0000000089600000, 0x0000000089600000|100%| O|  |TAMS 0x0000000089600000, 0x0000000089500000| Untracked 
| 150|0x0000000089600000, 0x0000000089700000, 0x0000000089700000|100%| O|  |TAMS 0x0000000089700000, 0x0000000089600000| Untracked 
| 151|0x0000000089700000, 0x0000000089800000, 0x0000000089800000|100%| O|  |TAMS 0x0000000089800000, 0x0000000089700000| Untracked 
| 152|0x0000000089800000, 0x0000000089900000, 0x0000000089900000|100%| O|  |TAMS 0x0000000089900000, 0x0000000089800000| Untracked 
| 153|0x0000000089900000, 0x0000000089a00000, 0x0000000089a00000|100%| O|  |TAMS 0x0000000089a00000, 0x0000000089900000| Untracked 
| 154|0x0000000089a00000, 0x0000000089b00000, 0x0000000089b00000|100%| O|  |TAMS 0x0000000089b00000, 0x0000000089a00000| Untracked 
| 155|0x0000000089b00000, 0x0000000089c00000, 0x0000000089c00000|100%| O|  |TAMS 0x0000000089c00000, 0x0000000089b00000| Untracked 
| 156|0x0000000089c00000, 0x0000000089d00000, 0x0000000089d00000|100%| O|  |TAMS 0x0000000089d00000, 0x0000000089c00000| Untracked 
| 157|0x0000000089d00000, 0x0000000089e00000, 0x0000000089e00000|100%| O|  |TAMS 0x0000000089e00000, 0x0000000089d00000| Untracked 
| 158|0x0000000089e00000, 0x0000000089e00000, 0x0000000089f00000|  0%| F|  |TAMS 0x0000000089e00000, 0x0000000089e00000| Untracked 
| 159|0x0000000089f00000, 0x0000000089f00000, 0x000000008a000000|  0%| F|  |TAMS 0x0000000089f00000, 0x0000000089f00000| Untracked 
| 160|0x000000008a000000, 0x000000008a000000, 0x000000008a100000|  0%| F|  |TAMS 0x000000008a000000, 0x000000008a000000| Untracked 
| 161|0x000000008a100000, 0x000000008a100000, 0x000000008a200000|  0%| F|  |TAMS 0x000000008a100000, 0x000000008a100000| Untracked 
| 162|0x000000008a200000, 0x000000008a200000, 0x000000008a300000|  0%| F|  |TAMS 0x000000008a200000, 0x000000008a200000| Untracked 
| 163|0x000000008a300000, 0x000000008a300000, 0x000000008a400000|  0%| F|  |TAMS 0x000000008a300000, 0x000000008a300000| Untracked 
| 164|0x000000008a400000, 0x000000008a400000, 0x000000008a500000|  0%| F|  |TAMS 0x000000008a400000, 0x000000008a400000| Untracked 
| 165|0x000000008a500000, 0x000000008a500000, 0x000000008a600000|  0%| F|  |TAMS 0x000000008a500000, 0x000000008a500000| Untracked 
| 166|0x000000008a600000, 0x000000008a600000, 0x000000008a700000|  0%| F|  |TAMS 0x000000008a600000, 0x000000008a600000| Untracked 
| 167|0x000000008a700000, 0x000000008a700000, 0x000000008a800000|  0%| F|  |TAMS 0x000000008a700000, 0x000000008a700000| Untracked 
| 168|0x000000008a800000, 0x000000008a800000, 0x000000008a900000|  0%| F|  |TAMS 0x000000008a800000, 0x000000008a800000| Untracked 
| 169|0x000000008a900000, 0x000000008a900000, 0x000000008aa00000|  0%| F|  |TAMS 0x000000008a900000, 0x000000008a900000| Untracked 
| 170|0x000000008aa00000, 0x000000008aa00000, 0x000000008ab00000|  0%| F|  |TAMS 0x000000008aa00000, 0x000000008aa00000| Untracked 
| 171|0x000000008ab00000, 0x000000008ab00000, 0x000000008ac00000|  0%| F|  |TAMS 0x000000008ab00000, 0x000000008ab00000| Untracked 
| 172|0x000000008ac00000, 0x000000008ac00000, 0x000000008ad00000|  0%| F|  |TAMS 0x000000008ac00000, 0x000000008ac00000| Untracked 
| 173|0x000000008ad00000, 0x000000008adbdb40, 0x000000008ae00000| 74%| S|CS|TAMS 0x000000008ad00000, 0x000000008ad00000| Complete 
| 174|0x000000008ae00000, 0x000000008af00000, 0x000000008af00000|100%| S|CS|TAMS 0x000000008ae00000, 0x000000008ae00000| Complete 
| 175|0x000000008af00000, 0x000000008af00000, 0x000000008b000000|  0%| F|  |TAMS 0x000000008af00000, 0x000000008af00000| Untracked 
| 176|0x000000008b000000, 0x000000008b000000, 0x000000008b100000|  0%| F|  |TAMS 0x000000008b000000, 0x000000008b000000| Untracked 
| 177|0x000000008b100000, 0x000000008b100000, 0x000000008b200000|  0%| F|  |TAMS 0x000000008b100000, 0x000000008b100000| Untracked 
| 178|0x000000008b200000, 0x000000008b200000, 0x000000008b300000|  0%| F|  |TAMS 0x000000008b200000, 0x000000008b200000| Untracked 
| 179|0x000000008b300000, 0x000000008b300000, 0x000000008b400000|  0%| F|  |TAMS 0x000000008b300000, 0x000000008b300000| Untracked 
| 180|0x000000008b400000, 0x000000008b400000, 0x000000008b500000|  0%| F|  |TAMS 0x000000008b400000, 0x000000008b400000| Untracked 
| 181|0x000000008b500000, 0x000000008b500000, 0x000000008b600000|  0%| F|  |TAMS 0x000000008b500000, 0x000000008b500000| Untracked 
| 182|0x000000008b600000, 0x000000008b600000, 0x000000008b700000|  0%| F|  |TAMS 0x000000008b600000, 0x000000008b600000| Untracked 
| 183|0x000000008b700000, 0x000000008b700000, 0x000000008b800000|  0%| F|  |TAMS 0x000000008b700000, 0x000000008b700000| Untracked 
| 184|0x000000008b800000, 0x000000008b800000, 0x000000008b900000|  0%| F|  |TAMS 0x000000008b800000, 0x000000008b800000| Untracked 
| 185|0x000000008b900000, 0x000000008b900000, 0x000000008ba00000|  0%| F|  |TAMS 0x000000008b900000, 0x000000008b900000| Untracked 
| 186|0x000000008ba00000, 0x000000008ba00000, 0x000000008bb00000|  0%| F|  |TAMS 0x000000008ba00000, 0x000000008ba00000| Untracked 
| 187|0x000000008bb00000, 0x000000008bb00000, 0x000000008bc00000|  0%| F|  |TAMS 0x000000008bb00000, 0x000000008bb00000| Untracked 
| 188|0x000000008bc00000, 0x000000008bc00000, 0x000000008bd00000|  0%| F|  |TAMS 0x000000008bc00000, 0x000000008bc00000| Untracked 
| 189|0x000000008bd00000, 0x000000008bd00000, 0x000000008be00000|  0%| F|  |TAMS 0x000000008bd00000, 0x000000008bd00000| Untracked 
| 190|0x000000008be00000, 0x000000008be00000, 0x000000008bf00000|  0%| F|  |TAMS 0x000000008be00000, 0x000000008be00000| Untracked 
| 191|0x000000008bf00000, 0x000000008bf00000, 0x000000008c000000|  0%| F|  |TAMS 0x000000008bf00000, 0x000000008bf00000| Untracked 
| 192|0x000000008c000000, 0x000000008c000000, 0x000000008c100000|  0%| F|  |TAMS 0x000000008c000000, 0x000000008c000000| Untracked 
| 193|0x000000008c100000, 0x000000008c100000, 0x000000008c200000|  0%| F|  |TAMS 0x000000008c100000, 0x000000008c100000| Untracked 
| 194|0x000000008c200000, 0x000000008c200000, 0x000000008c300000|  0%| F|  |TAMS 0x000000008c200000, 0x000000008c200000| Untracked 
| 195|0x000000008c300000, 0x000000008c300000, 0x000000008c400000|  0%| F|  |TAMS 0x000000008c300000, 0x000000008c300000| Untracked 
| 196|0x000000008c400000, 0x000000008c400000, 0x000000008c500000|  0%| F|  |TAMS 0x000000008c400000, 0x000000008c400000| Untracked 
| 197|0x000000008c500000, 0x000000008c500000, 0x000000008c600000|  0%| F|  |TAMS 0x000000008c500000, 0x000000008c500000| Untracked 
| 198|0x000000008c600000, 0x000000008c600000, 0x000000008c700000|  0%| F|  |TAMS 0x000000008c600000, 0x000000008c600000| Untracked 
| 199|0x000000008c700000, 0x000000008c700000, 0x000000008c800000|  0%| F|  |TAMS 0x000000008c700000, 0x000000008c700000| Untracked 
| 200|0x000000008c800000, 0x000000008c800000, 0x000000008c900000|  0%| F|  |TAMS 0x000000008c800000, 0x000000008c800000| Untracked 
| 201|0x000000008c900000, 0x000000008c900000, 0x000000008ca00000|  0%| F|  |TAMS 0x000000008c900000, 0x000000008c900000| Untracked 
| 202|0x000000008ca00000, 0x000000008ca00000, 0x000000008cb00000|  0%| F|  |TAMS 0x000000008ca00000, 0x000000008ca00000| Untracked 
| 203|0x000000008cb00000, 0x000000008cb00000, 0x000000008cc00000|  0%| F|  |TAMS 0x000000008cb00000, 0x000000008cb00000| Untracked 
| 204|0x000000008cc00000, 0x000000008cc00000, 0x000000008cd00000|  0%| F|  |TAMS 0x000000008cc00000, 0x000000008cc00000| Untracked 
| 205|0x000000008cd00000, 0x000000008cd00000, 0x000000008ce00000|  0%| F|  |TAMS 0x000000008cd00000, 0x000000008cd00000| Untracked 
| 206|0x000000008ce00000, 0x000000008ce00000, 0x000000008cf00000|  0%| F|  |TAMS 0x000000008ce00000, 0x000000008ce00000| Untracked 
| 207|0x000000008cf00000, 0x000000008cf00000, 0x000000008d000000|  0%| F|  |TAMS 0x000000008cf00000, 0x000000008cf00000| Untracked 
| 208|0x000000008d000000, 0x000000008d000000, 0x000000008d100000|  0%| F|  |TAMS 0x000000008d000000, 0x000000008d000000| Untracked 
| 209|0x000000008d100000, 0x000000008d100000, 0x000000008d200000|  0%| F|  |TAMS 0x000000008d100000, 0x000000008d100000| Untracked 
| 210|0x000000008d200000, 0x000000008d200000, 0x000000008d300000|  0%| F|  |TAMS 0x000000008d200000, 0x000000008d200000| Untracked 
| 211|0x000000008d300000, 0x000000008d300000, 0x000000008d400000|  0%| F|  |TAMS 0x000000008d300000, 0x000000008d300000| Untracked 
| 212|0x000000008d400000, 0x000000008d400000, 0x000000008d500000|  0%| F|  |TAMS 0x000000008d400000, 0x000000008d400000| Untracked 
| 213|0x000000008d500000, 0x000000008d500000, 0x000000008d600000|  0%| F|  |TAMS 0x000000008d500000, 0x000000008d500000| Untracked 
| 214|0x000000008d600000, 0x000000008d600000, 0x000000008d700000|  0%| F|  |TAMS 0x000000008d600000, 0x000000008d600000| Untracked 
| 215|0x000000008d700000, 0x000000008d700000, 0x000000008d800000|  0%| F|  |TAMS 0x000000008d700000, 0x000000008d700000| Untracked 
| 216|0x000000008d800000, 0x000000008d800000, 0x000000008d900000|  0%| F|  |TAMS 0x000000008d800000, 0x000000008d800000| Untracked 
| 217|0x000000008d900000, 0x000000008d900000, 0x000000008da00000|  0%| F|  |TAMS 0x000000008d900000, 0x000000008d900000| Untracked 
| 218|0x000000008da00000, 0x000000008da00000, 0x000000008db00000|  0%| F|  |TAMS 0x000000008da00000, 0x000000008da00000| Untracked 
| 219|0x000000008db00000, 0x000000008db00000, 0x000000008dc00000|  0%| F|  |TAMS 0x000000008db00000, 0x000000008db00000| Untracked 
| 220|0x000000008dc00000, 0x000000008dc00000, 0x000000008dd00000|  0%| F|  |TAMS 0x000000008dc00000, 0x000000008dc00000| Untracked 
| 221|0x000000008dd00000, 0x000000008dd00000, 0x000000008de00000|  0%| F|  |TAMS 0x000000008dd00000, 0x000000008dd00000| Untracked 
| 222|0x000000008de00000, 0x000000008de00000, 0x000000008df00000|  0%| F|  |TAMS 0x000000008de00000, 0x000000008de00000| Untracked 
| 223|0x000000008df00000, 0x000000008df00000, 0x000000008e000000|  0%| F|  |TAMS 0x000000008df00000, 0x000000008df00000| Untracked 
| 224|0x000000008e000000, 0x000000008e000000, 0x000000008e100000|  0%| F|  |TAMS 0x000000008e000000, 0x000000008e000000| Untracked 
| 225|0x000000008e100000, 0x000000008e100000, 0x000000008e200000|  0%| F|  |TAMS 0x000000008e100000, 0x000000008e100000| Untracked 
| 226|0x000000008e200000, 0x000000008e200000, 0x000000008e300000|  0%| F|  |TAMS 0x000000008e200000, 0x000000008e200000| Untracked 
| 227|0x000000008e300000, 0x000000008e300000, 0x000000008e400000|  0%| F|  |TAMS 0x000000008e300000, 0x000000008e300000| Untracked 
| 228|0x000000008e400000, 0x000000008e400000, 0x000000008e500000|  0%| F|  |TAMS 0x000000008e400000, 0x000000008e400000| Untracked 
| 229|0x000000008e500000, 0x000000008e500000, 0x000000008e600000|  0%| F|  |TAMS 0x000000008e500000, 0x000000008e500000| Untracked 
| 230|0x000000008e600000, 0x000000008e600000, 0x000000008e700000|  0%| F|  |TAMS 0x000000008e600000, 0x000000008e600000| Untracked 
| 231|0x000000008e700000, 0x000000008e700000, 0x000000008e800000|  0%| F|  |TAMS 0x000000008e700000, 0x000000008e700000| Untracked 
| 232|0x000000008e800000, 0x000000008e800000, 0x000000008e900000|  0%| F|  |TAMS 0x000000008e800000, 0x000000008e800000| Untracked 
| 233|0x000000008e900000, 0x000000008e900000, 0x000000008ea00000|  0%| F|  |TAMS 0x000000008e900000, 0x000000008e900000| Untracked 
| 234|0x000000008ea00000, 0x000000008ea00000, 0x000000008eb00000|  0%| F|  |TAMS 0x000000008ea00000, 0x000000008ea00000| Untracked 
| 235|0x000000008eb00000, 0x000000008eb00000, 0x000000008ec00000|  0%| F|  |TAMS 0x000000008eb00000, 0x000000008eb00000| Untracked 
| 236|0x000000008ec00000, 0x000000008ec00000, 0x000000008ed00000|  0%| F|  |TAMS 0x000000008ec00000, 0x000000008ec00000| Untracked 
| 237|0x000000008ed00000, 0x000000008ed00000, 0x000000008ee00000|  0%| F|  |TAMS 0x000000008ed00000, 0x000000008ed00000| Untracked 
| 238|0x000000008ee00000, 0x000000008ee00000, 0x000000008ef00000|  0%| F|  |TAMS 0x000000008ee00000, 0x000000008ee00000| Untracked 
| 239|0x000000008ef00000, 0x000000008ef00000, 0x000000008f000000|  0%| F|  |TAMS 0x000000008ef00000, 0x000000008ef00000| Untracked 
| 240|0x000000008f000000, 0x000000008f000000, 0x000000008f100000|  0%| F|  |TAMS 0x000000008f000000, 0x000000008f000000| Untracked 
| 241|0x000000008f100000, 0x000000008f100000, 0x000000008f200000|  0%| F|  |TAMS 0x000000008f100000, 0x000000008f100000| Untracked 
| 242|0x000000008f200000, 0x000000008f200000, 0x000000008f300000|  0%| F|  |TAMS 0x000000008f200000, 0x000000008f200000| Untracked 
| 243|0x000000008f300000, 0x000000008f300000, 0x000000008f400000|  0%| F|  |TAMS 0x000000008f300000, 0x000000008f300000| Untracked 
| 244|0x000000008f400000, 0x000000008f400000, 0x000000008f500000|  0%| F|  |TAMS 0x000000008f400000, 0x000000008f400000| Untracked 
| 245|0x000000008f500000, 0x000000008f500000, 0x000000008f600000|  0%| F|  |TAMS 0x000000008f500000, 0x000000008f500000| Untracked 
| 246|0x000000008f600000, 0x000000008f600000, 0x000000008f700000|  0%| F|  |TAMS 0x000000008f600000, 0x000000008f600000| Untracked 
| 247|0x000000008f700000, 0x000000008f700000, 0x000000008f800000|  0%| F|  |TAMS 0x000000008f700000, 0x000000008f700000| Untracked 
| 248|0x000000008f800000, 0x000000008f800000, 0x000000008f900000|  0%| F|  |TAMS 0x000000008f800000, 0x000000008f800000| Untracked 
| 249|0x000000008f900000, 0x000000008f900000, 0x000000008fa00000|  0%| F|  |TAMS 0x000000008f900000, 0x000000008f900000| Untracked 
| 250|0x000000008fa00000, 0x000000008fa00000, 0x000000008fb00000|  0%| F|  |TAMS 0x000000008fa00000, 0x000000008fa00000| Untracked 
| 251|0x000000008fb00000, 0x000000008fb00000, 0x000000008fc00000|  0%| F|  |TAMS 0x000000008fb00000, 0x000000008fb00000| Untracked 
| 252|0x000000008fc00000, 0x000000008fc00000, 0x000000008fd00000|  0%| F|  |TAMS 0x000000008fc00000, 0x000000008fc00000| Untracked 
| 253|0x000000008fd00000, 0x000000008fd00000, 0x000000008fe00000|  0%| F|  |TAMS 0x000000008fd00000, 0x000000008fd00000| Untracked 
| 254|0x000000008fe00000, 0x000000008fe00000, 0x000000008ff00000|  0%| F|  |TAMS 0x000000008fe00000, 0x000000008fe00000| Untracked 
| 255|0x000000008ff00000, 0x000000008ff00000, 0x0000000090000000|  0%| F|  |TAMS 0x000000008ff00000, 0x000000008ff00000| Untracked 
| 256|0x0000000090000000, 0x0000000090000000, 0x0000000090100000|  0%| F|  |TAMS 0x0000000090000000, 0x0000000090000000| Untracked 
| 257|0x0000000090100000, 0x0000000090100000, 0x0000000090200000|  0%| F|  |TAMS 0x0000000090100000, 0x0000000090100000| Untracked 
| 258|0x0000000090200000, 0x0000000090200000, 0x0000000090300000|  0%| F|  |TAMS 0x0000000090200000, 0x0000000090200000| Untracked 
| 259|0x0000000090300000, 0x0000000090300000, 0x0000000090400000|  0%| F|  |TAMS 0x0000000090300000, 0x0000000090300000| Untracked 
| 260|0x0000000090400000, 0x0000000090400000, 0x0000000090500000|  0%| F|  |TAMS 0x0000000090400000, 0x0000000090400000| Untracked 
| 261|0x0000000090500000, 0x0000000090500000, 0x0000000090600000|  0%| F|  |TAMS 0x0000000090500000, 0x0000000090500000| Untracked 
| 262|0x0000000090600000, 0x0000000090600000, 0x0000000090700000|  0%| F|  |TAMS 0x0000000090600000, 0x0000000090600000| Untracked 
| 263|0x0000000090700000, 0x0000000090700000, 0x0000000090800000|  0%| F|  |TAMS 0x0000000090700000, 0x0000000090700000| Untracked 
| 264|0x0000000090800000, 0x0000000090800000, 0x0000000090900000|  0%| F|  |TAMS 0x0000000090800000, 0x0000000090800000| Untracked 
| 265|0x0000000090900000, 0x0000000090900000, 0x0000000090a00000|  0%| F|  |TAMS 0x0000000090900000, 0x0000000090900000| Untracked 
| 266|0x0000000090a00000, 0x0000000090a00000, 0x0000000090b00000|  0%| F|  |TAMS 0x0000000090a00000, 0x0000000090a00000| Untracked 
| 267|0x0000000090b00000, 0x0000000090b00000, 0x0000000090c00000|  0%| F|  |TAMS 0x0000000090b00000, 0x0000000090b00000| Untracked 
| 268|0x0000000090c00000, 0x0000000090c00000, 0x0000000090d00000|  0%| F|  |TAMS 0x0000000090c00000, 0x0000000090c00000| Untracked 
| 269|0x0000000090d00000, 0x0000000090d00000, 0x0000000090e00000|  0%| F|  |TAMS 0x0000000090d00000, 0x0000000090d00000| Untracked 
| 270|0x0000000090e00000, 0x0000000090e00000, 0x0000000090f00000|  0%| F|  |TAMS 0x0000000090e00000, 0x0000000090e00000| Untracked 
| 271|0x0000000090f00000, 0x0000000090f00000, 0x0000000091000000|  0%| F|  |TAMS 0x0000000090f00000, 0x0000000090f00000| Untracked 
| 272|0x0000000091000000, 0x0000000091000000, 0x0000000091100000|  0%| F|  |TAMS 0x0000000091000000, 0x0000000091000000| Untracked 
| 273|0x0000000091100000, 0x0000000091100000, 0x0000000091200000|  0%| F|  |TAMS 0x0000000091100000, 0x0000000091100000| Untracked 
| 274|0x0000000091200000, 0x0000000091200000, 0x0000000091300000|  0%| F|  |TAMS 0x0000000091200000, 0x0000000091200000| Untracked 
| 275|0x0000000091300000, 0x0000000091300000, 0x0000000091400000|  0%| F|  |TAMS 0x0000000091300000, 0x0000000091300000| Untracked 
| 276|0x0000000091400000, 0x0000000091400000, 0x0000000091500000|  0%| F|  |TAMS 0x0000000091400000, 0x0000000091400000| Untracked 
| 277|0x0000000091500000, 0x0000000091500000, 0x0000000091600000|  0%| F|  |TAMS 0x0000000091500000, 0x0000000091500000| Untracked 
| 278|0x0000000091600000, 0x0000000091600000, 0x0000000091700000|  0%| F|  |TAMS 0x0000000091600000, 0x0000000091600000| Untracked 
| 279|0x0000000091700000, 0x0000000091700000, 0x0000000091800000|  0%| F|  |TAMS 0x0000000091700000, 0x0000000091700000| Untracked 
| 280|0x0000000091800000, 0x0000000091800000, 0x0000000091900000|  0%| F|  |TAMS 0x0000000091800000, 0x0000000091800000| Untracked 
| 281|0x0000000091900000, 0x0000000091900000, 0x0000000091a00000|  0%| F|  |TAMS 0x0000000091900000, 0x0000000091900000| Untracked 
| 282|0x0000000091a00000, 0x0000000091a00000, 0x0000000091b00000|  0%| F|  |TAMS 0x0000000091a00000, 0x0000000091a00000| Untracked 
| 283|0x0000000091b00000, 0x0000000091b00000, 0x0000000091c00000|  0%| F|  |TAMS 0x0000000091b00000, 0x0000000091b00000| Untracked 
| 284|0x0000000091c00000, 0x0000000091c00000, 0x0000000091d00000|  0%| F|  |TAMS 0x0000000091c00000, 0x0000000091c00000| Untracked 
| 285|0x0000000091d00000, 0x0000000091d00000, 0x0000000091e00000|  0%| F|  |TAMS 0x0000000091d00000, 0x0000000091d00000| Untracked 
| 286|0x0000000091e00000, 0x0000000091e00000, 0x0000000091f00000|  0%| F|  |TAMS 0x0000000091e00000, 0x0000000091e00000| Untracked 
| 287|0x0000000091f00000, 0x0000000091f00000, 0x0000000092000000|  0%| F|  |TAMS 0x0000000091f00000, 0x0000000091f00000| Untracked 
| 288|0x0000000092000000, 0x0000000092000000, 0x0000000092100000|  0%| F|  |TAMS 0x0000000092000000, 0x0000000092000000| Untracked 
| 289|0x0000000092100000, 0x0000000092100000, 0x0000000092200000|  0%| F|  |TAMS 0x0000000092100000, 0x0000000092100000| Untracked 
| 290|0x0000000092200000, 0x0000000092200000, 0x0000000092300000|  0%| F|  |TAMS 0x0000000092200000, 0x0000000092200000| Untracked 
| 291|0x0000000092300000, 0x0000000092300000, 0x0000000092400000|  0%| F|  |TAMS 0x0000000092300000, 0x0000000092300000| Untracked 
| 292|0x0000000092400000, 0x0000000092400000, 0x0000000092500000|  0%| F|  |TAMS 0x0000000092400000, 0x0000000092400000| Untracked 
| 293|0x0000000092500000, 0x0000000092500000, 0x0000000092600000|  0%| F|  |TAMS 0x0000000092500000, 0x0000000092500000| Untracked 
| 294|0x0000000092600000, 0x0000000092600000, 0x0000000092700000|  0%| F|  |TAMS 0x0000000092600000, 0x0000000092600000| Untracked 
| 295|0x0000000092700000, 0x0000000092700000, 0x0000000092800000|  0%| F|  |TAMS 0x0000000092700000, 0x0000000092700000| Untracked 
| 296|0x0000000092800000, 0x0000000092800000, 0x0000000092900000|  0%| F|  |TAMS 0x0000000092800000, 0x0000000092800000| Untracked 
| 297|0x0000000092900000, 0x0000000092900000, 0x0000000092a00000|  0%| F|  |TAMS 0x0000000092900000, 0x0000000092900000| Untracked 
| 298|0x0000000092a00000, 0x0000000092a00000, 0x0000000092b00000|  0%| F|  |TAMS 0x0000000092a00000, 0x0000000092a00000| Untracked 
| 299|0x0000000092b00000, 0x0000000092b00000, 0x0000000092c00000|  0%| F|  |TAMS 0x0000000092b00000, 0x0000000092b00000| Untracked 

Card table byte_map: [0x000001c8b8df0000,0x000001c8b91f0000] _byte_map_base: 0x000001c8b89f0000

Marking Bits (Prev, Next): (CMBitMap*) 0x000001c8a4985ca0, (CMBitMap*) 0x000001c8a4985ce0
 Prev Bits: [0x000001c8b95f0000, 0x000001c8bb5f0000)
 Next Bits: [0x000001c8bb5f0000, 0x000001c8bd5f0000)

Polling page: 0x000001c8a4750000

Metaspace:

Usage:
  Non-class:    117.64 MB used.
      Class:     17.47 MB used.
       Both:    135.11 MB used.

Virtual space:
  Non-class space:      120.00 MB reserved,     118.06 MB ( 98%) committed,  15 nodes.
      Class space:        1.00 GB reserved,      17.81 MB (  2%) committed,  1 nodes.
             Both:        1.12 GB reserved,     135.88 MB ( 12%) committed. 

Chunk freelists:
   Non-Class:  1.47 MB
       Class:  2.08 MB
        Both:  3.55 MB

MaxMetaspaceSize: unlimited
CompressedClassSpaceSize: 1.00 GB
Initial GC threshold: 21.00 MB
Current GC threshold: 226.25 MB
CDS: off
MetaspaceReclaimPolicy: balanced
 - commit_granule_bytes: 65536.
 - commit_granule_words: 8192.
 - virtual_space_node_default_size: 1048576.
 - enlarge_chunks_in_place: 1.
 - new_chunks_are_fully_committed: 0.
 - uncommit_free_chunks: 1.
 - use_allocation_guard: 0.
 - handle_deallocations: 1.


Internal statistics:

num_allocs_failed_limit: 6.
num_arena_births: 1154.
num_arena_deaths: 0.
num_vsnodes_births: 16.
num_vsnodes_deaths: 0.
num_space_committed: 2172.
num_space_uncommitted: 0.
num_chunks_returned_to_freelist: 6.
num_chunks_taken_from_freelist: 6189.
num_chunk_merges: 6.
num_chunk_splits: 4221.
num_chunks_enlarged: 2993.
num_purges: 0.
num_inconsistent_stats: 0.

CodeHeap 'non-profiled nmethods': size=120064Kb used=11516Kb max_used=11516Kb free=108547Kb
 bounds [0x000001c8b10b0000, 0x000001c8b1bf0000, 0x000001c8b85f0000]
CodeHeap 'profiled nmethods': size=120000Kb used=40780Kb max_used=40780Kb free=79219Kb
 bounds [0x000001c8a95f0000, 0x000001c8abdd0000, 0x000001c8b0b20000]
CodeHeap 'non-nmethods': size=5696Kb used=2472Kb max_used=2536Kb free=3223Kb
 bounds [0x000001c8b0b20000, 0x000001c8b0db0000, 0x000001c8b10b0000]
 total_blobs=20557 nmethods=19539 adapters=929
 compilation: enabled
              stopped_count=0, restarted_count=0
 full_count=0

Compilation events (20 events):
Event: 190.035 Thread 0x000001c8c0408860 23942       1       com.android.tools.r8.internal.lo::y1 (2 bytes)
Event: 190.035 Thread 0x000001c8c0408860 nmethod 23942 0x000001c8b1bef090 code [0x000001c8b1bef220, 0x000001c8b1bef2f8]
Event: 190.045 Thread 0x000001c8c0408860 23944 %     3       com.android.tools.r8.ir.regalloc.n::<init> @ 80 (122 bytes)
Event: 190.048 Thread 0x000001c8c0408860 nmethod 23944% 0x000001c8abd8da90 code [0x000001c8abd8de60, 0x000001c8abd8fce8]
Event: 190.048 Thread 0x000001c8c0408860 23945       3       com.android.tools.r8.ir.regalloc.n::<init> (122 bytes)
Event: 190.050 Thread 0x000001c8c0408860 nmethod 23945 0x000001c8abd90810 code [0x000001c8abd90be0, 0x000001c8abd92938]
Event: 190.109 Thread 0x000001c8c0408860 23946       2       com.android.tools.r8.ir.optimize.g0::a (56 bytes)
Event: 190.109 Thread 0x000001c8c0408860 nmethod 23946 0x000001c8abd93490 code [0x000001c8abd93660, 0x000001c8abd938b8]
Event: 190.173 Thread 0x000001c8c0408860 23948 %     3       com.android.tools.r8.internal.OR::a @ 72 (176 bytes)
Event: 190.175 Thread 0x000001c8c0408860 nmethod 23948% 0x000001c8abd93a90 code [0x000001c8abd93ce0, 0x000001c8abd945a8]
Event: 190.175 Thread 0x000001c8c0408860 23949       2       com.android.tools.r8.internal.BG::a (12 bytes)
Event: 190.175 Thread 0x000001c8c0408860 nmethod 23949 0x000001c8abd94990 code [0x000001c8abd94b20, 0x000001c8abd94c48]
Event: 190.205 Thread 0x000001c8c0408860 23951 %     3       com.android.tools.r8.ir.optimize.n0::a @ 21 (1836 bytes)
Event: 190.229 Thread 0x000001c8c0408860 nmethod 23951% 0x000001c8abd94d10 code [0x000001c8abd962e0, 0x000001c8abda6558]
Event: 190.229 Thread 0x000001c8c0408860 23952       3       com.android.tools.r8.internal.OR::a (176 bytes)
Event: 190.230 Thread 0x000001c8c0408860 nmethod 23952 0x000001c8abdab890 code [0x000001c8abdabae0, 0x000001c8abdac2c8]
Event: 190.265 Thread 0x000001c8c0408860 23953       3       com.android.tools.r8.ir.optimize.n0::a (1836 bytes)
Event: 190.291 Thread 0x000001c8c0408860 nmethod 23953 0x000001c8abdac610 code [0x000001c8abdadbe0, 0x000001c8abdbd9e8]
Event: 190.299 Thread 0x000001c8c0408860 23954       2       com.android.tools.r8.internal.KY::J2 (20 bytes)
Event: 190.300 Thread 0x000001c8c0408860 nmethod 23954 0x000001c8abdc2d10 code [0x000001c8abdc2ec0, 0x000001c8abdc3058]

GC Heap History (20 events):
Event: 170.043 GC heap after
{Heap after GC invocations=69 (full 0):
 garbage-first heap   total 307200K, used 146387K [0x0000000080000000, 0x0000000100000000)
  region size 1024K, 17 young (17408K), 17 survivors (17408K)
 Metaspace       used 130004K, committed 130752K, reserved 1163264K
  class space    used 16815K, committed 17152K, reserved 1048576K
}
Event: 171.826 GC heap before
{Heap before GC invocations=69 (full 0):
 garbage-first heap   total 307200K, used 250835K [0x0000000080000000, 0x0000000100000000)
  region size 1024K, 119 young (121856K), 17 survivors (17408K)
 Metaspace       used 133643K, committed 134464K, reserved 1171456K
  class space    used 17340K, committed 17728K, reserved 1048576K
}
Event: 172.015 GC heap after
{Heap after GC invocations=70 (full 0):
 garbage-first heap   total 307200K, used 161160K [0x0000000080000000, 0x0000000100000000)
  region size 1024K, 14 young (14336K), 14 survivors (14336K)
 Metaspace       used 133643K, committed 134464K, reserved 1171456K
  class space    used 17340K, committed 17728K, reserved 1048576K
}
Event: 176.699 GC heap before
{Heap before GC invocations=70 (full 0):
 garbage-first heap   total 307200K, used 249224K [0x0000000080000000, 0x0000000100000000)
  region size 1024K, 100 young (102400K), 14 survivors (14336K)
 Metaspace       used 137865K, committed 138624K, reserved 1171456K
  class space    used 17843K, committed 18176K, reserved 1048576K
}
Event: 176.818 GC heap after
{Heap after GC invocations=71 (full 0):
 garbage-first heap   total 307200K, used 162816K [0x0000000080000000, 0x0000000100000000)
  region size 1024K, 2 young (2048K), 2 survivors (2048K)
 Metaspace       used 137865K, committed 138624K, reserved 1171456K
  class space    used 17843K, committed 18176K, reserved 1048576K
}
Event: 179.497 GC heap before
{Heap before GC invocations=72 (full 0):
 garbage-first heap   total 307200K, used 240640K [0x0000000080000000, 0x0000000100000000)
  region size 1024K, 91 young (93184K), 2 survivors (2048K)
 Metaspace       used 138038K, committed 138816K, reserved 1171456K
  class space    used 17851K, committed 18176K, reserved 1048576K
}
Event: 179.516 GC heap after
{Heap after GC invocations=73 (full 0):
 garbage-first heap   total 307200K, used 149890K [0x0000000080000000, 0x0000000100000000)
  region size 1024K, 2 young (2048K), 2 survivors (2048K)
 Metaspace       used 138038K, committed 138816K, reserved 1171456K
  class space    used 17851K, committed 18176K, reserved 1048576K
}
Event: 179.720 GC heap before
{Heap before GC invocations=73 (full 0):
 garbage-first heap   total 307200K, used 163202K [0x0000000080000000, 0x0000000100000000)
  region size 1024K, 15 young (15360K), 2 survivors (2048K)
 Metaspace       used 138047K, committed 138816K, reserved 1171456K
  class space    used 17851K, committed 18176K, reserved 1048576K
}
Event: 179.731 GC heap after
{Heap after GC invocations=74 (full 0):
 garbage-first heap   total 307200K, used 144471K [0x0000000080000000, 0x0000000100000000)
  region size 1024K, 1 young (1024K), 1 survivors (1024K)
 Metaspace       used 138047K, committed 138816K, reserved 1171456K
  class space    used 17851K, committed 18176K, reserved 1048576K
}
Event: 181.760 GC heap before
{Heap before GC invocations=74 (full 0):
 garbage-first heap   total 307200K, used 255063K [0x0000000080000000, 0x0000000100000000)
  region size 1024K, 109 young (111616K), 1 survivors (1024K)
 Metaspace       used 138114K, committed 138880K, reserved 1171456K
  class space    used 17851K, committed 18176K, reserved 1048576K
}
Event: 181.770 GC heap after
{Heap after GC invocations=75 (full 0):
 garbage-first heap   total 307200K, used 144689K [0x0000000080000000, 0x0000000100000000)
  region size 1024K, 1 young (1024K), 1 survivors (1024K)
 Metaspace       used 138114K, committed 138880K, reserved 1171456K
  class space    used 17851K, committed 18176K, reserved 1048576K
}
Event: 183.779 GC heap before
{Heap before GC invocations=75 (full 0):
 garbage-first heap   total 307200K, used 259377K [0x0000000080000000, 0x0000000100000000)
  region size 1024K, 113 young (115712K), 1 survivors (1024K)
 Metaspace       used 138173K, committed 138944K, reserved 1171456K
  class space    used 17862K, committed 18240K, reserved 1048576K
}
Event: 183.795 GC heap after
{Heap after GC invocations=76 (full 0):
 garbage-first heap   total 307200K, used 145173K [0x0000000080000000, 0x0000000100000000)
  region size 1024K, 2 young (2048K), 2 survivors (2048K)
 Metaspace       used 138173K, committed 138944K, reserved 1171456K
  class space    used 17862K, committed 18240K, reserved 1048576K
}
Event: 185.641 GC heap before
{Heap before GC invocations=76 (full 0):
 garbage-first heap   total 307200K, used 261909K [0x0000000080000000, 0x0000000100000000)
  region size 1024K, 116 young (118784K), 2 survivors (2048K)
 Metaspace       used 138221K, committed 139008K, reserved 1171456K
  class space    used 17869K, committed 18240K, reserved 1048576K
}
Event: 185.653 GC heap after
{Heap after GC invocations=77 (full 0):
 garbage-first heap   total 307200K, used 145619K [0x0000000080000000, 0x0000000100000000)
  region size 1024K, 2 young (2048K), 2 survivors (2048K)
 Metaspace       used 138221K, committed 139008K, reserved 1171456K
  class space    used 17869K, committed 18240K, reserved 1048576K
}
Event: 188.220 GC heap before
{Heap before GC invocations=78 (full 0):
 garbage-first heap   total 307200K, used 262355K [0x0000000080000000, 0x0000000100000000)
  region size 1024K, 118 young (120832K), 2 survivors (2048K)
 Metaspace       used 138308K, committed 139072K, reserved 1171456K
  class space    used 17886K, committed 18240K, reserved 1048576K
}
Event: 188.236 GC heap after
{Heap after GC invocations=79 (full 0):
 garbage-first heap   total 307200K, used 144036K [0x0000000080000000, 0x0000000100000000)
  region size 1024K, 3 young (3072K), 3 survivors (3072K)
 Metaspace       used 138308K, committed 139072K, reserved 1171456K
  class space    used 17886K, committed 18240K, reserved 1048576K
}
Event: 188.699 GC heap before
{Heap before GC invocations=79 (full 0):
 garbage-first heap   total 307200K, used 156324K [0x0000000080000000, 0x0000000100000000)
  region size 1024K, 15 young (15360K), 3 survivors (3072K)
 Metaspace       used 138309K, committed 139072K, reserved 1171456K
  class space    used 17886K, committed 18240K, reserved 1048576K
}
Event: 188.716 GC heap after
{Heap after GC invocations=80 (full 0):
 garbage-first heap   total 307200K, used 139500K [0x0000000080000000, 0x0000000100000000)
  region size 1024K, 2 young (2048K), 2 survivors (2048K)
 Metaspace       used 138309K, committed 139072K, reserved 1171456K
  class space    used 17886K, committed 18240K, reserved 1048576K
}
Event: 190.336 GC heap before
{Heap before GC invocations=80 (full 0):
 garbage-first heap   total 307200K, used 265452K [0x0000000080000000, 0x0000000100000000)
  region size 1024K, 125 young (128000K), 2 survivors (2048K)
 Metaspace       used 138352K, committed 139136K, reserved 1171456K
  class space    used 17891K, committed 18240K, reserved 1048576K
}

Dll operation events (2 events):
Event: 0.275 Loaded shared library D:\Download\Compressed\android-studio\jbr\bin\java.dll
Event: 3.956 Loaded shared library D:\Download\Compressed\android-studio\jbr\bin\verify.dll

Deoptimization events (20 events):
Event: 190.007 Thread 0x000001c8c2ec47f0 DEOPT PACKING pc=0x000001c8ab8c2e73 sp=0x0000007f472f9350
Event: 190.007 Thread 0x000001c8c2ec47f0 DEOPT UNPACKING pc=0x000001c8b0b77124 sp=0x0000007f472f8a90 mode 0
Event: 190.030 Thread 0x000001c8c0e723c0 DEOPT PACKING pc=0x000001c8ab23f8c5 sp=0x0000007f438f6560
Event: 190.030 Thread 0x000001c8c0e723c0 DEOPT UNPACKING pc=0x000001c8b0b77124 sp=0x0000007f438f5a18 mode 0
Event: 190.034 Thread 0x000001c8c0e723c0 DEOPT PACKING pc=0x000001c8abb9ee8c sp=0x0000007f438f6640
Event: 190.034 Thread 0x000001c8c0e723c0 DEOPT UNPACKING pc=0x000001c8b0b77124 sp=0x0000007f438f5ae0 mode 0
Event: 190.045 Thread 0x000001c8c0e723c0 DEOPT PACKING pc=0x000001c8ab894cd6 sp=0x0000007f438f6240
Event: 190.045 Thread 0x000001c8c0e723c0 DEOPT UNPACKING pc=0x000001c8b0b77124 sp=0x0000007f438f5a58 mode 0
Event: 190.050 Thread 0x000001c8c0e723c0 DEOPT PACKING pc=0x000001c8abaf87a0 sp=0x0000007f438f6230
Event: 190.050 Thread 0x000001c8c0e723c0 DEOPT UNPACKING pc=0x000001c8b0b77124 sp=0x0000007f438f57e8 mode 0
Event: 190.105 Thread 0x000001c8c2ec47f0 DEOPT PACKING pc=0x000001c8ab8c2e73 sp=0x0000007f472f9350
Event: 190.167 Thread 0x000001c8c2ec47f0 DEOPT UNPACKING pc=0x000001c8b0b77124 sp=0x0000007f472f8a90 mode 0
Event: 190.230 Thread 0x000001c8c0e723c0 DEOPT PACKING pc=0x000001c8ab7bb1df sp=0x0000007f438f6760
Event: 190.230 Thread 0x000001c8c0e723c0 DEOPT UNPACKING pc=0x000001c8b0b77124 sp=0x0000007f438f5c18 mode 0
Event: 190.256 Thread 0x000001c8c0e723c0 DEOPT PACKING pc=0x000001c8ab895412 sp=0x0000007f438f6240
Event: 190.256 Thread 0x000001c8c0e723c0 DEOPT UNPACKING pc=0x000001c8b0b77124 sp=0x0000007f438f5a58 mode 0
Event: 190.294 Thread 0x000001c8c2ec47f0 DEOPT PACKING pc=0x000001c8abb2fa92 sp=0x0000007f472f98e0
Event: 190.294 Thread 0x000001c8c2ec47f0 DEOPT UNPACKING pc=0x000001c8b0b77124 sp=0x0000007f472f9000 mode 0
Event: 190.316 Thread 0x000001c8c2ec47f0 DEOPT PACKING pc=0x000001c8ab8c2e73 sp=0x0000007f472f9350
Event: 190.316 Thread 0x000001c8c2ec47f0 DEOPT UNPACKING pc=0x000001c8b0b77124 sp=0x0000007f472f8a90 mode 0

Classes unloaded (0 events):
No events

Classes redefined (0 events):
No events

Internal exceptions (20 events):
Event: 166.221 Thread 0x000001c8c0e770c0 Exception <a 'sun/nio/fs/WindowsException'{0x000000009255db68}> (0x000000009255db68) 
thrown [s\src\hotspot\share\prims\jni.cpp, line 517]
Event: 166.223 Thread 0x000001c8c0e770c0 Exception <a 'sun/nio/fs/WindowsException'{0x000000009255dc08}> (0x000000009255dc08) 
thrown [s\src\hotspot\share\prims\jni.cpp, line 517]
Event: 166.223 Thread 0x000001c8c0e770c0 Exception <a 'sun/nio/fs/WindowsException'{0x000000009255e088}> (0x000000009255e088) 
thrown [s\src\hotspot\share\prims\jni.cpp, line 517]
Event: 166.255 Thread 0x000001c8c0e770c0 Exception <a 'sun/nio/fs/WindowsException'{0x00000000923176e0}> (0x00000000923176e0) 
thrown [s\src\hotspot\share\prims\jni.cpp, line 517]
Event: 166.920 Thread 0x000001c8c0e723c0 Exception <a 'sun/nio/fs/WindowsException'{0x0000000090b48588}> (0x0000000090b48588) 
thrown [s\src\hotspot\share\prims\jni.cpp, line 517]
Event: 166.940 Thread 0x000001c8c2ec47f0 Exception <a 'sun/nio/fs/WindowsException'{0x00000000906a5730}> (0x00000000906a5730) 
thrown [s\src\hotspot\share\prims\jni.cpp, line 517]
Event: 167.718 Thread 0x000001c8c0e723c0 Exception <a 'java/lang/NoSuchMethodError'{0x000000008fb26fe0}: 'java.lang.Object java.lang.invoke.DirectMethodHandle$Holder.invokeStaticInit(java.lang.Object, java.lang.Object, java.lang.Object, java.lang.Object, java.lang.Object, java.lang.Object, java.lang.Object, java.lang.Object, java.lang.Object, java.lang.Object, java.lang.Object, java.lang.Object, java.lang.Object, java.lang.Object, java.lang.Object, java.lang.Object, java.lang.Object, java.lang.Object, java.lang.Object, java.lang.Object, int, java
Event: 167.774 Thread 0x000001c8c0e723c0 Exception <a 'java/lang/IncompatibleClassChangeError'{0x000000008fa43440}: Found class java.lang.Object, but interface was expected> (0x000000008fa43440) 
thrown [s\src\hotspot\share\interpreter\linkResolver.cpp, line 838]
Event: 169.180 Thread 0x000001c8c0e723c0 Exception <a 'java/lang/IncompatibleClassChangeError'{0x000000008ce84440}: Found class java.lang.Object, but interface was expected> (0x000000008ce84440) 
thrown [s\src\hotspot\share\interpreter\linkResolver.cpp, line 838]
Event: 169.182 Thread 0x000001c8c0e723c0 Exception <a 'java/lang/NoSuchMethodError'{0x000000008ce8e510}: 'void java.lang.invoke.DirectMethodHandle$Holder.invokeInterface(java.lang.Object, java.lang.Object, java.lang.Object, int)'> (0x000000008ce8e510) 
thrown [s\src\hotspot\share\interpreter\linkResolver.cpp, line 771]
Event: 170.612 Thread 0x000001c8c0e723c0 Exception <a 'java/lang/NoSuchMethodError'{0x0000000090d2af78}: 'java.lang.Object java.lang.invoke.DirectMethodHandle$Holder.invokeStatic(java.lang.Object, int, java.lang.Object, java.lang.Object)'> (0x0000000090d2af78) 
thrown [s\src\hotspot\share\interpreter\linkResolver.cpp, line 771]
Event: 170.616 Thread 0x000001c8c0e723c0 Exception <a 'java/lang/NoSuchMethodError'{0x0000000090d40d90}: 'java.lang.Object java.lang.invoke.DirectMethodHandle$Holder.invokeStatic(java.lang.Object, java.lang.Object, int, java.lang.Object, java.lang.Object)'> (0x0000000090d40d90) 
thrown [s\src\hotspot\share\interpreter\linkResolver.cpp, line 771]
Event: 171.585 Thread 0x000001c8c0e723c0 Exception <a 'java/lang/IncompatibleClassChangeError'{0x000000008cbefa30}: Found class java.lang.Object, but interface was expected> (0x000000008cbefa30) 
thrown [s\src\hotspot\share\interpreter\linkResolver.cpp, line 838]
Event: 171.597 Thread 0x000001c8c2ec47f0 Exception <a 'java/lang/IncompatibleClassChangeError'{0x000000008cbbc260}: Found class java.lang.Object, but interface was expected> (0x000000008cbbc260) 
thrown [s\src\hotspot\share\interpreter\linkResolver.cpp, line 838]
Event: 171.760 Thread 0x000001c8c0e723c0 Exception <a 'java/lang/NoSuchMethodError'{0x000000008c7bdae8}: 'void java.lang.invoke.DirectMethodHandle$Holder.invokeSpecial(java.lang.Object, java.lang.Object, int, java.lang.Object)'> (0x000000008c7bdae8) 
thrown [s\src\hotspot\share\interpreter\linkResolver.cpp, line 771]
Event: 172.179 Thread 0x000001c8c0e723c0 Exception <a 'java/lang/NoSuchMethodError'{0x00000000929761b8}: 'int java.lang.invoke.DirectMethodHandle$Holder.invokeSpecial(java.lang.Object, java.lang.Object, java.lang.Object, int, java.lang.Object)'> (0x00000000929761b8) 
thrown [s\src\hotspot\share\interpreter\linkResolver.cpp, line 771]
Event: 172.344 Thread 0x000001c8c2ec47f0 Exception <a 'java/lang/NoSuchMethodError'{0x00000000927cbb80}: 'int java.lang.invoke.DirectMethodHandle$Holder.invokeSpecial(java.lang.Object, java.lang.Object, java.lang.Object, int)'> (0x00000000927cbb80) 
thrown [s\src\hotspot\share\interpreter\linkResolver.cpp, line 771]
Event: 172.874 Thread 0x000001c8c0e723c0 Exception <a 'java/lang/NoSuchMethodError'{0x000000009212ae20}: 'java.lang.Object java.lang.invoke.DirectMethodHandle$Holder.invokeInterface(java.lang.Object, java.lang.Object, int)'> (0x000000009212ae20) 
thrown [s\src\hotspot\share\interpreter\linkResolver.cpp, line 771]
Event: 173.958 Thread 0x000001c8c2ec47f0 Exception <a 'java/lang/NoSuchMethodError'{0x00000000918f9738}: 'int java.lang.invoke.DirectMethodHandle$Holder.invokeStatic(java.lang.Object, java.lang.Object, int, java.lang.Object)'> (0x00000000918f9738) 
thrown [s\src\hotspot\share\interpreter\linkResolver.cpp, line 771]
Event: 175.819 Thread 0x000001c8c0e723c0 Exception <a 'java/lang/NoSuchMethodError'{0x000000008f1982d0}: 'int java.lang.invoke.DirectMethodHandle$Holder.invokeInterface(java.lang.Object, java.lang.Object, int)'> (0x000000008f1982d0) 
thrown [s\src\hotspot\share\interpreter\linkResolver.cpp, line 771]

VM Operations (20 events):
Event: 183.809 Executing VM operation: G1CollectForAllocation done
Event: 184.812 Executing VM operation: Cleanup
Event: 184.858 Executing VM operation: Cleanup done
Event: 185.640 Executing VM operation: G1CollectForAllocation
Event: 185.688 Executing VM operation: G1CollectForAllocation done
Event: 186.171 Executing VM operation: G1Concurrent
Event: 186.203 Executing VM operation: G1Concurrent done
Event: 186.415 Executing VM operation: G1Concurrent
Event: 186.415 Executing VM operation: G1Concurrent done
Event: 186.461 Executing VM operation: HandshakeAllThreads
Event: 186.462 Executing VM operation: HandshakeAllThreads done
Event: 187.466 Executing VM operation: Cleanup
Event: 187.553 Executing VM operation: Cleanup done
Event: 188.219 Executing VM operation: G1CollectForAllocation
Event: 188.257 Executing VM operation: G1CollectForAllocation done
Event: 188.699 Executing VM operation: G1CollectForAllocation
Event: 188.720 Executing VM operation: G1CollectForAllocation done
Event: 189.730 Executing VM operation: Cleanup
Event: 189.784 Executing VM operation: Cleanup done
Event: 190.318 Executing VM operation: G1CollectForAllocation

Events (20 events):
Event: 174.467 Thread 0x000001c8c04228b0 flushing nmethod 0x000001c8ab742c90
Event: 174.467 Thread 0x000001c8c04228b0 flushing nmethod 0x000001c8ab747b10
Event: 174.468 Thread 0x000001c8c04228b0 flushing nmethod 0x000001c8ab748a10
Event: 174.468 Thread 0x000001c8c04228b0 flushing nmethod 0x000001c8ab775c90
Event: 174.468 Thread 0x000001c8c04228b0 flushing nmethod 0x000001c8ab793610
Event: 174.468 Thread 0x000001c8c04228b0 flushing nmethod 0x000001c8ab796890
Event: 174.468 Thread 0x000001c8c04228b0 flushing nmethod 0x000001c8ab79bd90
Event: 174.468 Thread 0x000001c8c04228b0 flushing nmethod 0x000001c8ab803e90
Event: 174.468 Thread 0x000001c8c04228b0 flushing nmethod 0x000001c8ab805f10
Event: 174.468 Thread 0x000001c8c04228b0 flushing nmethod 0x000001c8ab806810
Event: 174.468 Thread 0x000001c8c04228b0 flushing nmethod 0x000001c8ab807110
Event: 186.472 Thread 0x000001c8c04228b0 flushing nmethod 0x000001c8a982b110
Event: 186.485 Thread 0x000001c8c04228b0 flushing nmethod 0x000001c8aa509010
Event: 186.489 Thread 0x000001c8c04228b0 flushing nmethod 0x000001c8aa8bbb10
Event: 186.492 Thread 0x000001c8c04228b0 flushing nmethod 0x000001c8aac1f190
Event: 186.493 Thread 0x000001c8c04228b0 flushing nmethod 0x000001c8aacc9390
Event: 186.496 Thread 0x000001c8c04228b0 flushing nmethod 0x000001c8aaf09190
Event: 186.498 Thread 0x000001c8c04228b0 flushing nmethod 0x000001c8ab0fd090
Event: 186.498 Thread 0x000001c8c04228b0 flushing nmethod 0x000001c8ab174190
Event: 186.505 Thread 0x000001c8c04228b0 flushing nmethod 0x000001c8ab72f910


Dynamic libraries:
0x00007ff680740000 - 0x00007ff68074a000 	D:\Download\Compressed\android-studio\jbr\bin\java.exe
0x00007ff8f6ad0000 - 0x00007ff8f6cc8000 	C:\WINDOWS\SYSTEM32\ntdll.dll
0x00007ff8f54d0000 - 0x00007ff8f558f000 	C:\WINDOWS\System32\KERNEL32.DLL
0x00007ff8f4390000 - 0x00007ff8f4686000 	C:\WINDOWS\System32\KERNELBASE.dll
0x00007ff8f4290000 - 0x00007ff8f4390000 	C:\WINDOWS\System32\ucrtbase.dll
0x00007ff8ed060000 - 0x00007ff8ed07b000 	D:\Download\Compressed\android-studio\jbr\bin\VCRUNTIME140.dll
0x00007ff8ec450000 - 0x00007ff8ec467000 	D:\Download\Compressed\android-studio\jbr\bin\jli.dll
0x00007ff8f65d0000 - 0x00007ff8f676d000 	C:\WINDOWS\System32\USER32.dll
0x00007ff8f41b0000 - 0x00007ff8f41d2000 	C:\WINDOWS\System32\win32u.dll
0x00007ff8f5630000 - 0x00007ff8f565c000 	C:\WINDOWS\System32\GDI32.dll
0x00007ff8f4a10000 - 0x00007ff8f4b25000 	C:\WINDOWS\System32\gdi32full.dll
0x00007ff8f4970000 - 0x00007ff8f4a0d000 	C:\WINDOWS\System32\msvcp_win.dll
0x00007ff8ebd30000 - 0x00007ff8ebfca000 	C:\WINDOWS\WinSxS\amd64_microsoft.windows.common-controls_6595b64144ccf1df_6.0.19041.1110_none_60b5254171f9507e\COMCTL32.dll
0x00007ff8f5590000 - 0x00007ff8f562e000 	C:\WINDOWS\System32\msvcrt.dll
0x00007ff8f5830000 - 0x00007ff8f5860000 	C:\WINDOWS\System32\IMM32.DLL
0x00007ff8f1590000 - 0x00007ff8f159c000 	D:\Download\Compressed\android-studio\jbr\bin\vcruntime140_1.dll
0x00007ff8c4710000 - 0x00007ff8c479d000 	D:\Download\Compressed\android-studio\jbr\bin\msvcp140.dll
0x00007ff8b7e80000 - 0x00007ff8b8aee000 	D:\Download\Compressed\android-studio\jbr\bin\server\jvm.dll
0x00007ff8f5660000 - 0x00007ff8f570f000 	C:\WINDOWS\System32\ADVAPI32.dll
0x00007ff8f5860000 - 0x00007ff8f58fc000 	C:\WINDOWS\System32\sechost.dll
0x00007ff8f6840000 - 0x00007ff8f6966000 	C:\WINDOWS\System32\RPCRT4.dll
0x00007ff8d64f0000 - 0x00007ff8d6517000 	C:\WINDOWS\SYSTEM32\WINMM.dll
0x00007ff8e3830000 - 0x00007ff8e383a000 	C:\WINDOWS\SYSTEM32\VERSION.dll
0x00007ff8cf600000 - 0x00007ff8cf609000 	C:\WINDOWS\SYSTEM32\WSOCK32.dll
0x00007ff8f67d0000 - 0x00007ff8f683b000 	C:\WINDOWS\System32\WS2_32.dll
0x00007ff8f29f0000 - 0x00007ff8f2a02000 	C:\WINDOWS\SYSTEM32\kernel.appcore.dll
0x00007ff8ef870000 - 0x00007ff8ef87a000 	D:\Download\Compressed\android-studio\jbr\bin\jimage.dll
0x00007ff8f26a0000 - 0x00007ff8f2884000 	C:\WINDOWS\SYSTEM32\DBGHELP.DLL
0x00007ff8d79e0000 - 0x00007ff8d7a14000 	C:\WINDOWS\SYSTEM32\dbgcore.DLL
0x00007ff8f48e0000 - 0x00007ff8f4962000 	C:\WINDOWS\System32\bcryptPrimitives.dll
0x00007ff8ef780000 - 0x00007ff8ef7a5000 	D:\Download\Compressed\android-studio\jbr\bin\java.dll
0x00007ff8ef760000 - 0x00007ff8ef778000 	D:\Download\Compressed\android-studio\jbr\bin\zip.dll
0x00007ff8f5e20000 - 0x00007ff8f6564000 	C:\WINDOWS\System32\SHELL32.dll
0x00007ff8f1e30000 - 0x00007ff8f25c3000 	C:\WINDOWS\SYSTEM32\windows.storage.dll
0x00007ff8f4d70000 - 0x00007ff8f50c4000 	C:\WINDOWS\System32\combase.dll
0x00007ff8f3a40000 - 0x00007ff8f3a6e000 	C:\WINDOWS\SYSTEM32\Wldp.dll
0x00007ff8f69e0000 - 0x00007ff8f6a8d000 	C:\WINDOWS\System32\SHCORE.dll
0x00007ff8f6570000 - 0x00007ff8f65c5000 	C:\WINDOWS\System32\shlwapi.dll
0x00007ff8f40e0000 - 0x00007ff8f4105000 	C:\WINDOWS\SYSTEM32\profapi.dll
0x00007ff8ed030000 - 0x00007ff8ed049000 	D:\Download\Compressed\android-studio\jbr\bin\net.dll
0x00007ff8e3a70000 - 0x00007ff8e3b7a000 	C:\WINDOWS\SYSTEM32\WINHTTP.dll
0x00007ff8f3820000 - 0x00007ff8f388a000 	C:\WINDOWS\system32\mswsock.dll
0x00007ff8ed010000 - 0x00007ff8ed026000 	D:\Download\Compressed\android-studio\jbr\bin\nio.dll
0x00007ff8ef860000 - 0x00007ff8ef870000 	D:\Download\Compressed\android-studio\jbr\bin\verify.dll
0x00007ff8ed180000 - 0x00007ff8ed1a7000 	D:\Download\Code\SaveToExternalStorage\native\68d5fa5c4cc2d200863cafc0d521ce42e7d3e7ee720ec0a83991735586a16f82\windows-amd64\native-platform.dll
0x00007ff8b8b10000 - 0x00007ff8b8c54000 	D:\Download\Code\SaveToExternalStorage\native\e376f236ea51e6404a007f0833ffe2c6e607c4080706a723a18a27aeea778392\windows-amd64\native-platform-file-events.dll
0x00007ff8ef7d0000 - 0x00007ff8ef7d9000 	D:\Download\Compressed\android-studio\jbr\bin\management.dll
0x00007ff8ecff0000 - 0x00007ff8ecffb000 	D:\Download\Compressed\android-studio\jbr\bin\management_ext.dll
0x00007ff8f69d0000 - 0x00007ff8f69d8000 	C:\WINDOWS\System32\PSAPI.DLL
0x00007ff8f3a80000 - 0x00007ff8f3a98000 	C:\WINDOWS\SYSTEM32\CRYPTSP.dll
0x00007ff8f3150000 - 0x00007ff8f3184000 	C:\WINDOWS\system32\rsaenh.dll
0x00007ff8f4690000 - 0x00007ff8f46b7000 	C:\WINDOWS\System32\bcrypt.dll
0x00007ff8f40a0000 - 0x00007ff8f40ce000 	C:\WINDOWS\SYSTEM32\USERENV.dll
0x00007ff8f39b0000 - 0x00007ff8f39bc000 	C:\WINDOWS\SYSTEM32\CRYPTBASE.dll
0x00007ff8f3530000 - 0x00007ff8f356b000 	C:\WINDOWS\SYSTEM32\IPHLPAPI.DLL
0x00007ff8f4d60000 - 0x00007ff8f4d68000 	C:\WINDOWS\System32\NSI.dll
0x00007ff8e4470000 - 0x00007ff8e4487000 	C:\WINDOWS\SYSTEM32\dhcpcsvc6.DLL
0x00007ff8e4670000 - 0x00007ff8e468d000 	C:\WINDOWS\SYSTEM32\dhcpcsvc.DLL
0x00007ff8f3570000 - 0x00007ff8f363a000 	C:\WINDOWS\SYSTEM32\DNSAPI.dll
0x00007ff8ed000000 - 0x00007ff8ed007000 	C:\WINDOWS\system32\wshunix.dll
0x00007ff8f3270000 - 0x00007ff8f32a3000 	C:\WINDOWS\SYSTEM32\ntmarta.dll
0x00007ff8ea2e0000 - 0x00007ff8ea2ea000 	C:\Windows\System32\rasadhlp.dll
0x00007ff8e2870000 - 0x00007ff8e28f2000 	C:\WINDOWS\System32\fwpuclnt.dll
0x00007ff8f1640000 - 0x00007ff8f16d1000 	C:\WINDOWS\system32\apphelp.dll

dbghelp: loaded successfully - version: 4.0.5 - missing functions: none
symbol engine: initialized successfully - sym options: 0x614 - pdb path: .;D:\Download\Compressed\android-studio\jbr\bin;C:\WINDOWS\SYSTEM32;C:\WINDOWS\WinSxS\amd64_microsoft.windows.common-controls_6595b64144ccf1df_6.0.19041.1110_none_60b5254171f9507e;D:\Download\Compressed\android-studio\jbr\bin\server;D:\Download\Code\SaveToExternalStorage\native\68d5fa5c4cc2d200863cafc0d521ce42e7d3e7ee720ec0a83991735586a16f82\windows-amd64;D:\Download\Code\SaveToExternalStorage\native\e376f236ea51e6404a007f0833ffe2c6e607c4080706a723a18a27aeea778392\windows-amd64

VM Arguments:
jvm_args: --add-opens=java.base/java.util=ALL-UNNAMED --add-opens=java.base/java.lang=ALL-UNNAMED --add-opens=java.base/java.lang.invoke=ALL-UNNAMED --add-opens=java.prefs/java.util.prefs=ALL-UNNAMED --add-opens=java.base/java.nio.charset=ALL-UNNAMED --add-opens=java.base/java.net=ALL-UNNAMED --add-opens=java.base/java.util.concurrent.atomic=ALL-UNNAMED -Xmx2048m -Dfile.encoding=UTF-8 -Duser.country=ZA -Duser.language=en -Duser.variant 
java_command: org.gradle.launcher.daemon.bootstrap.GradleDaemon 8.0
java_class_path (initial): D:\Download\Code\SaveToExternalStorage\wrapper\dists\gradle-8.0-bin\ca5e32bp14vu59qr306oxotwh\gradle-8.0\lib\gradle-launcher-8.0.jar
Launcher Type: SUN_STANDARD

[Global flags]
     intx CICompilerCount                          = 2                                         {product} {ergonomic}
     uint ConcGCThreads                            = 1                                         {product} {ergonomic}
     uint G1ConcRefinementThreads                  = 2                                         {product} {ergonomic}
   size_t G1HeapRegionSize                         = 1048576                                   {product} {ergonomic}
    uintx GCDrainStackTargetSize                   = 64                                        {product} {ergonomic}
   size_t InitialHeapSize                          = 98566144                                  {product} {ergonomic}
   size_t MarkStackSize                            = 4194304                                   {product} {ergonomic}
   size_t MaxHeapSize                              = 2147483648                                {product} {command line}
   size_t MaxNewSize                               = 1287651328                                {product} {ergonomic}
   size_t MinHeapDeltaBytes                        = 1048576                                   {product} {ergonomic}
   size_t MinHeapSize                              = 8388608                                   {product} {ergonomic}
    uintx NonNMethodCodeHeapSize                   = 5826188                                {pd product} {ergonomic}
    uintx NonProfiledCodeHeapSize                  = 122916026                              {pd product} {ergonomic}
    uintx ProfiledCodeHeapSize                     = 122916026                              {pd product} {ergonomic}
    uintx ReservedCodeCacheSize                    = 251658240                              {pd product} {ergonomic}
     bool SegmentedCodeCache                       = true                                      {product} {ergonomic}
   size_t SoftMaxHeapSize                          = 2147483648                             {manageable} {ergonomic}
     bool UseCompressedClassPointers               = true                           {product lp64_product} {ergonomic}
     bool UseCompressedOops                        = true                           {product lp64_product} {ergonomic}
     bool UseG1GC                                  = true                                      {product} {ergonomic}
     bool UseLargePagesIndividualAllocation        = false                                  {pd product} {ergonomic}

Logging:
Log output configuration:
 #0: stdout all=warning uptime,level,tags
 #1: stderr all=off uptime,level,tags

Environment Variables:
PATH=C:\Program Files\Common Files\Oracle\Java\javapath;C:\WINDOWS\system32;C:\WINDOWS;C:\WINDOWS\System32\Wbem;C:\WINDOWS\System32\WindowsPowerShell\v1.0\;C:\WINDOWS\System32\OpenSSH\;C:\Program Files\Microsoft SQL Server\130\Tools\Binn\;C:\Program Files\Microsoft SQL Server\Client SDK\ODBC\170\Tools\Binn\;C:\Program Files\dotnet\;C:\Program Files\Azure Data Studio\bin;C:\Program Files (x86)\NVIDIA Corporation\PhysX\Common;C:\Users\Proffesor\AppData\Local\Microsoft\WindowsApps;C:\Users\Proffesor\.dotnet\tools;C:\Users\Proffesor\AppData\Local\Programs\Microsoft VS Code\bin;C:\Program Files\Azure Data Studio\bin
USERNAME=Proffesor
OS=Windows_NT
PROCESSOR_IDENTIFIER=Intel64 Family 6 Model 122 Stepping 8, GenuineIntel
TMP=C:\Users\PROFFE~1\AppData\Local\Temp
TEMP=C:\Users\PROFFE~1\AppData\Local\Temp


JNI global refs:
JNI global refs: 25, weak refs: 64

JNI global refs memory usage: 843, weak refs: 841


---------------  S Y S T E M  ---------------

OS:
 Windows 10 , 64 bit Build 19041 (10.0.19041.3155)
OS uptime: 0 days 11:02 hours
Hyper-V role detected

CPU: total 2 (initial active 2) (2 cores per cpu, 1 threads per core) family 6 model 122 stepping 8 microcode 0x20, cx8, cmov, fxsr, mmx, 3dnowpref, sse, sse2, sse3, ssse3, sse4.1, sse4.2, popcnt, tsc, tscinvbit, aes, erms, clmul, sha, clflush, clflushopt, hv

Memory: 4k page, system-wide physical 5955M (1214M free)
TotalPageFile size 8939M (AvailPageFile size 93M)
current process WorkingSet (physical memory assigned to process): 580M, peak: 585M
current process commit charge ("private bytes"): 685M, peak: 800M

vm_info: OpenJDK 64-Bit Server VM (17.0.6+0-b2043.56-10027231) for windows-amd64 JRE (17.0.6+0-b2043.56-10027231), built on Apr 28 2023 00:43:19 by "androidbuild" with MS VC++ 16.10 / 16.11 (VS2019)

END.
